Performing C SOURCE FILE Test OpenMP_FLAG_DETECTED failed with the following output:
Change Dir: /Users/Xiao/workspace/Azurender/build/CMakeFiles/CMakeTmp

Run Build Command:/usr/local/Cellar/cmake/2.8.12.2/bin/cmakexbuild -project CMAKE_TRY_COMPILE.xcodeproj build -target cmTryCompileExec2746976886 -configuration Debug
=== BUILD TARGET cmTryCompileExec2746976886 OF PROJECT CMAKE_TRY_COMPILE WITH CONFIGURATION Debug ===

Check dependencies

Write auxiliary files
/bin/mkdir -p /Users/Xiao/workspace/Azurender/build/CMakeFiles/CMakeTmp/CMAKE_TRY_COMPILE.build/Debug/cmTryCompileExec2746976886.build/Objects-normal/x86_64
write-file /Users/Xiao/workspace/Azurender/build/CMakeFiles/CMakeTmp/CMAKE_TRY_COMPILE.build/Debug/cmTryCompileExec2746976886.build/Objects-normal/x86_64/cmTryCompileExec2746976886.LinkFileList

CompileC CMAKE_TRY_COMPILE.build/Debug/cmTryCompileExec2746976886.build/Objects-normal/x86_64/src.o src.c normal x86_64 c com.apple.compilers.llvm.clang.1_0.compiler
    cd /Users/Xiao/workspace/Azurender/build/CMakeFiles/CMakeTmp
    export LANG=en_US.US-ASCII
    /Applications/Xcode.app/Contents/Developer/Toolchains/XcodeDefault.xctoolchain/usr/bin/clang -x c -arch x86_64 -fmessage-length=0 -fdiagnostics-show-note-include-stack -fmacro-backtrace-limit=0 -Wno-trigraphs -fpascal-strings -O0 -Wno-missing-field-initializers2014-07-05 20:27:06.856 xcodebuild[5187:2007]  DVTAssertions: Warning in /SourceCache/IDEXcode3ProjectSupport/IDEXcode3ProjectSupport-5069/Xcode3Core/LegacyProjects/Frameworks/DevToolsCore/DevToolsCore/SpecificationTypes/BuiltInSpecifications/Compilers/XCGccMakefileDependencies.m:76
Det -Wno-missing-prototypes -Wno-return-type -Wno-missing-braces -Wparentheses -Wswitch -Wno-unused-function -Wno-unused-label -Wno-unused-parameter -Wno-unused-variable -Wunused-value -Wno-empty-body -Wno-uninitialized -Wno-unknown-pragmas -Wno-shadow -Wno-four-char-constants -Wno-conversion -Wno-constant-conversion -Wno-int-conversion -Wno-bool-conversion -Wno-enum-conversion -Wno-shorten-64-to-32 -Wpointer-sign -Wno-newline-eof -DCMAKE_INTDIR=\"Debug\" -isysroot /Applications/Xcode.app/Contents/Developer/Platforms/MacOSX.platform/Developer/SDKs/MacOSX10.9.sdk -fasm-blocks -fstrict-aliasing -Wdeprecated-declarations -mmacosx-version-min=10.9 -g -Wno-sign-conversion -I/Users/Xiao/workspace/Azurender/build/CMakeFiles/CMakeTmp/Debug/include -I/Applications/Xcode.app/Contents/Developer/Toolchains/XcodeDefault.xctoolchain/usr/include -I/Users/Xiao/workspace/Azurender/build/CMakeFiles/CMakeTmp/CMAKE_TRY_COMPILE.build/Debug/cmTryCompileExec2746976886.build/DerivedSources/x86_64 -I/Users/Xiao/workspace/Azurender/buildails:  Failed to load dependencies output contents fro/CMakeFiles/CMakeTmp/CMAKE_TRY_COMPILE.build/Debug/cmTryCompileExec2746976886.build/DerivedSources -Wmost -Wno-four-char-constants -Wno-unknown-pragmas -F/Users/Xiao/workspace/Azurender/build/CMakeFiles/CMakeTmp/Debug -DOpenMP_FLAG_DETECTED -MMD -MT dependencies -MF /Users/Xiao/workspace/Azurender/build/CMakeFiles/CMakeTmp/CMAKE_TRY_COMPILE.build/Debug/cmTryCompileExec2746976886.build/Objects-normal/x86_64/src.d --serialize-diagnostics /Users/Xiao/workspace/Azurender/build/CMakeFiles/CMakeTmp/CMAKE_TRY_COMPILE.build/Debug/cmTryCompileExec2746976886.build/Objects-normal/x86_64/src.dia -c /Users/Xiao/workspace/Azurender/build/CMakeFiles/CMakeTmp/src.c -o /Users/Xiao/workspace/Azurender/build/CMakeFiles/CMakeTmp/CMAKE_TRY_COMPILE.build/Debug/cmTryCompileExec2746976886.build/Objects-normal/x86_64/src.o
/Users/Xiao/workspace/Azurender/build/CMakeFiles/CMakeTmp/src.c:2:10: fatal error: 'omp.h' file not found
#include <omp.h>
         ^
1 error generated.

m ``/Users/Xiao/workspace/Azurender/build/CMakeFiles/CMakeTmp/CMAKE_TRY_COMPILE.build/Debug/cmTryCompileExec2746976886.build/Objects-normal/x86_64/src.d''. Error: Error Domain=NSCocoaErrorDomain Code=260 "The file “src.d” couldn’t be opened because there is no such file." UserInfo=0x7f9a4d891c80 {NSFilePath=/Users/Xiao/workspace/Azurender/build/CMakeFiles/CMakeTmp/CMAKE_TRY_COMPILE.build/Debug/cmTryCompileExec2746976886.build/Objects-normal/x86_64/src.d, NSUnderlyingError=0x7f9a4bc04ba0 "The operation couldn’t be completed. No such file or directory"}. User info: {
    NSFilePath = "/Users/Xiao/workspace/Azurender/build/CMakeFiles/CMakeTmp/CMAKE_TRY_COMPILE.build/Debug/cmTryCompileExec2746976886.build/Objects-normal/x86_64/src.d";
    NSUnderlyingError = "Error Domain=NSPOSIXErrorDomain Code=2 \"The operation couldn\U2019t be completed. No such file or directory\"";
}.
Function: void XCGccMakefileDependenciesParsePathsFromRuleFile(NSString *__strong, void (^__strong)(NSString *__strong))
Thread:   <NSThread: 0x7f9a4d893930>{name = (null), num = 7}
Please file a bug at http://bugreport.apple.com with this warning message and any useful information you can provide.
** BUILD FAILED **


The following build commands failed:
	CompileC CMAKE_TRY_COMPILE.build/Debug/cmTryCompileExec2746976886.build/Objects-normal/x86_64/src.o src.c normal x86_64 c com.apple.compilers.llvm.clang.1_0.compiler
(1 failure)

Source file was:

#include <omp.h>
int main() {
#ifdef _OPENMP
  return 0;
#else
  breaks_on_purpose
#endif
}

Performing C SOURCE FILE Test OpenMP_FLAG_DETECTED failed with the following output:
Change Dir: /Users/Xiao/workspace/Azurender/build/CMakeFiles/CMakeTmp

Run Build Command:/usr/local/Cellar/cmake/2.8.12.2/bin/cmakexbuild -project CMAKE_TRY_COMPILE.xcodeproj build -target cmTryCompileExec2016475957 -configuration Debug
=== BUILD TARGET cmTryCompileExec2016475957 OF PROJECT CMAKE_TRY_COMPILE WITH CONFIGURATION Debug ===

Check dependencies

Write auxiliary files
/bin/mkdir -p /Users/Xiao/workspace/Azurender/build/CMakeFiles/CMakeTmp/CMAKE_TRY_COMPILE.build/Debug/cmTryCompileExec2016475957.build/Objects-normal/x86_64
write-file /Users/Xiao/workspace/Azurender/build/CMakeFiles/CMakeTmp/CMAKE_TRY_COMPILE.build/Debug/cmTryCompileExec2016475957.build/Objects-normal/x86_64/cmTryCompileExec2016475957.LinkFileList

CompileC CMAKE_TRY_COMPILE.build/Debug/cmTryCompileExec2016475957.build/Objects-normal/x86_64/src.o src.c normal x86_64 c com.apple.compilers.llvm.clang.1_0.compiler
    cd /Users/Xiao/workspace/Azurender/build/CMakeFiles/CMakeTmp
    export LANG=en_US.US-ASCII
    /Applications/Xcode.app/Contents/Developer/Toolchains/XcodeDefault.xctoolchain/usr/bin/clang -x c -arch x86_64 -fmessage-length=0 -fdiagnostics-show-note-include-stack -fmacro-backtrace-limit=0 -Wno-trigraphs -fpascal-strings -O0 -Wno-missing-field-initializers2014-07-05 20:27:07.239 -Wno-missing-prototypes -Wno-return-type -Wno-missing-braces -Wparentheses -Wswitch -Wno-unused-function -Wno-unused-label -Wno-unused-parameter -Wno-unused-variable -Wunused-value -Wno-empty-body -Wno-uninitialized -Wno-unknown-pragmas -Wno-shadow -Wno-four-char-constants -Wno-conversion -Wno-constant-conversion -Wno-int-conversion -Wno-bool-conversion -Wno-enum-conversion -Wno-shorten-64-to-32 -Wpointer-sign -Wno-newline-eof -DCMAKE_INTDIR=\"Debug\" -isysroot /Applications/Xcode.app/Contents/Developer/Platforms/MacOSX.platform/Developer/SDKs/MacOSX10.9.sdk -fasm-blocks -fstrict-aliasing -Wdeprecated-declarations -mmacosx-version-min=10.9 -g -Wno-sign-conversion -I/Users/Xiao/workspace/Azurender/build/CMakeFiles/CMakeTmp/Debug/include -I/Applications/Xcode.app/Contents/Developer/Toolchains/XcodeDefault.xctoolchain/usr/include -I/Users/Xiao/workspace/Azurender/build/CMakeFiles/CMakeTmp/CMAKE_TRY_COMPILE.build/Debug/cmTryCompileExec2016475957.build/DerivedSources/x86_64 -I/Users/Xiao/workspace/Azurender/build/CMakeFiles/CMakeTmp/CMAKE_TRY_COMPILE.build/Debug/cmTryCompileExec2016475957.build/DerivedSources -Wmost -Wno-four-char-constants -Wno-unknown-pragmas -F/Users/Xiao/workspace/Azurender/build/CMakeFiles/CMakeTmp/Debug -DOpenMP_FLAG_DETECTED -fopenmp -MMD -MT dependencies -MF /Users/Xiao/workspace/Azurender/build/CMakeFiles/CMakeTmp/CMAKE_TRY_COMPILE.build/Debug/cmTryCompileExec2016475957.build/Objects-normal/x86_64/src.d --serialize-diagnostics /Users/Xiao/workspace/Azurender/build/CMakeFiles/CMakeTmp/CMAKE_TRY_COMPILE.build/Debug/cmTryCompileExec2016475957.build/Objects-normal/x86_64/src.dia -c /Users/Xiao/workspace/Azurender/build/CMakeFiles/CMakeTmp/src.c -o /Users/Xiao/workspace/Azurender/build/CMakeFiles/CMakeTmp/CMAKE_TRY_COMPILE.build/Debug/cmTryCompileExec2016475957.build/Objects-normal/x86_64/src.o
clang: warning: argument unused during compilation: '-fopenmp'
/Users/Xiao/workspace/Azurender/build/CMakeFiles/CMakeTmp/src.c:2:10: fatal error: 'omp.h' file not found
#include <omp.h>
         ^
1 error  xcodebuild[5generated.

200:2107]  DVTAssertions: Warning in /SourceCache/IDEXcode3ProjectSupport/IDEXcode3ProjectSupport-5069/Xcode3Core/LegacyProjects/Frameworks/DevToolsCore/DevToolsCore/SpecificationTypes/BuiltInSpecifications/Compilers/XCGccMakefileDependencies.m:76
Details:  Failed to load dependencies output contents from ``/Users/Xiao/workspace/Azurender/build/CMakeFiles/CMakeTmp/CMAKE_TRY_COMPILE.build/Debug/cmTryCompileExec2016475957.build/Objects-normal/x86_64/src.d''. Error: Error Domain=NSCocoaErrorDomain Code=260 "The file “src.d” couldn’t be opened because there is no such file." UserInfo=0x7ffe63c25200 {NSFilePath=/Users/Xiao/workspace/Azurender/build/CMakeFiles/CMakeTmp/CMAKE_TRY_COMPILE.build/Debug/cmTryCompileExec2016475957.build/Objects-normal/x86_64/src.d, NSUnderlyingError=0x7ffe63c25280 "The operation couldn’t be completed. No such file or directory"}. User info: {
    NSFilePath = "/Users/Xiao/workspace/Azurender/build/CMakeFiles/CMakeTmp/CMAKE_TRY_COMPILE.build/Debug/cmTryCompileExec2016475957.build/Objects-normal/x86_64/src.d";
    NSUnderlyingError = "Error Domain=NSPOSIXErrorDomain Code=2 \"The operation couldn\U2019t be completed. No such file or directory\"";
}.
Function: void XCGccMakefileDependenciesParsePathsFromRuleFile(NSString *__strong, void (^__strong)(NSString *__strong))
Thread:   <NSThread: 0x7ffe63c25810>{name = (null), num = 7}
Please file a bug at http://bugreport.apple.com with this warning message and any useful information you can provide.
** BUILD FAILED **


The following build commands failed:
	CompileC CMAKE_TRY_COMPILE.build/Debug/cmTryCompileExec2016475957.build/Objects-normal/x86_64/src.o src.c normal x86_64 c com.apple.compilers.llvm.clang.1_0.compiler
(1 failure)

Source file was:

#include <omp.h>
int main() {
#ifdef _OPENMP
  return 0;
#else
  breaks_on_purpose
#endif
}

Performing C SOURCE FILE Test OpenMP_FLAG_DETECTED failed with the following output:
Change Dir: /Users/Xiao/workspace/Azurender/build/CMakeFiles/CMakeTmp

Run Build Command:/usr/local/Cellar/cmake/2.8.12.2/bin/cmakexbuild -project CMAKE_TRY_COMPILE.xcodeproj build -target cmTryCompileExec1957259255 -configuration Debug
=== BUILD TARGET cmTryCompileExec1957259255 OF PROJECT CMAKE_TRY_COMPILE WITH CONFIGURATION Debug ===

Check dependencies

Write auxiliary files
/bin/mkdir -p /Users/Xiao/workspace/Azurender/build/CMakeFiles/CMakeTmp/CMAKE_TRY_COMPILE.build/Debug/cmTryCompileExec1957259255.build/Objects-normal/x86_64
write-file /Users/Xiao/workspace/Azurender/build/CMakeFiles/CMakeTmp/CMAKE_TRY_COMPILE.build/Debug/cmTryCompileExec1957259255.build/Objects-normal/x86_64/cmTryCompileExec1957259255.LinkFileList

CompileC CMAKE_TRY_COMPILE.build/Debug/cmTryCompileExec1957259255.build/Objects-normal/x86_64/src.o src.c normal x86_64 c com.apple.compilers.llvm.clang.1_0.compiler
    cd /Users/Xiao/workspace/Azurender/build/CMakeFiles/CMakeTmp
    export LANG=en_US.US-ASCII
    /Applications/Xcode.app/Contents/Developer/Toolchains/XcodeDefault.xctoolchain/usr/bin/clang -x c -arch x86_64 -fmessage-length=0 -fdiagnostics-show-note-include-stack -fmacro-backtrace-limit=0 -Wno-trigraphs -fpascal-strings -O0 -Wno-missing-field-initializers2014-07-05 20:27:07.609 xcode -Wno-missing-prototypes -Wno-return-type -Wno-missing-braces -Wparentheses -Wswitch -Wno-unused-function -Wno-unused-label -Wno-unused-parameter -Wno-unused-variable -Wunused-value -Wno-empty-body -Wno-uninitialized -Wno-unknown-pragmas -Wno-shadow -Wno-four-char-constants -Wno-conversion -Wno-constant-conversion -Wno-int-conversion -Wno-bool-conversion -Wno-enum-conversion -Wno-shorten-64-to-32 -Wpointer-sign -Wno-newline-eof -DCMAKE_INTDIR=\"Debug\" -isysroot /Applications/Xcode.app/Contents/Developer/Platforms/MacOSX.platform/Developer/SDKs/MacOSX10.9.sdk -fasm-blocks -fstrict-aliasing -Wdeprecated-declarations -mmacosx-version-min=10.9 -g -Wno-sign-conversion -I/Users/Xiao/workspace/Azurender/build/CMakeFiles/CMakeTmp/Debug/include -I/Applications/Xcode.app/Contents/Developer/Toolchains/XcodeDefault.xctoolchain/usr/include -I/Users/Xiao/workspace/Azurender/build/CMakeFiles/CMakeTmp/CMAKE_TRY_COMPILE.build/Debug/cmTryCompileExec1957259255.build/DerivedSources/x86_64 -I/Users/Xiao/workspace/Azurender/buildbuild[5213:30b]  DVTAssertions: Warning in /SourceCache/IDEXcode3Proje/CMakeFiles/CMakeTmp/CMAKE_TRY_COMPILE.build/Debug/cmTryCompileExec1957259255.build/DerivedSources -Wmost -Wno-four-char-constants -Wno-unknown-pragmas -F/Users/Xiao/workspace/Azurender/build/CMakeFiles/CMakeTmp/Debug -DOpenMP_FLAG_DETECTED /openmp -MMD -MT dependencies -MF /Users/Xiao/workspace/Azurender/build/CMakeFiles/CMakeTmp/CMAKE_TRY_COMPILE.build/Debug/cmTryCompileExec1957259255.build/Objects-normal/x86_64/src.d --serialize-diagnostics /Users/Xiao/workspace/Azurender/build/CMakeFiles/CMakeTmp/CMAKE_TRY_COMPILE.build/Debug/cmTryCompileExec1957259255.build/Objects-normal/x86_64/src.dia -c /Users/Xiao/workspace/Azurender/build/CMakeFiles/CMakeTmp/src.c -o /Users/Xiao/workspace/Azurender/build/CMakeFiles/CMakeTmp/CMAKE_TRY_COMPILE.build/Debug/cmTryCompileExec1957259255.build/Objects-normal/x86_64/src.o
clang: error: no such file or directory: '/openmp'
Command /Applications/Xcode.app/Contents/Developer/Toolchains/XcodeDefault.xctoolchain/usr/bin/clang failed with exit code 1

ctSupport/IDEXcode3ProjectSupport-5069/Xcode3Core/LegacyProjects/Frameworks/DevToolsCore/DevToolsCore/SpecificationTypes/BuiltInSpecifications/Compilers/XCGccMakefileDependencies.m:76
Details:  Failed to load dependencies output contents from ``/Users/Xiao/workspace/Azurender/build/CMakeFiles/CMakeTmp/CMAKE_TRY_COMPILE.build/Debug/cmTryCompileExec1957259255.build/Objects-normal/x86_64/src.d''. Error: Error Domain=NSCocoaErrorDomain Code=260 "The file “src.d” couldn’t be opened because there is no such file." UserInfo=0x7ff5b16bf5e0 {NSFilePath=/Users/Xiao/workspace/Azurender/build/CMakeFiles/CMakeTmp/CMAKE_TRY_COMPILE.build/Debug/cmTryCompileExec1957259255.build/Objects-normal/x86_64/src.d, NSUnderlyingError=0x7ff5b16b4120 "The operation couldn’t be completed. No such file or directory"}. User info: {
    NSFilePath = "/Users/Xiao/workspace/Azurender/build/CMakeFiles/CMakeTmp/CMAKE_TRY_COMPILE.build/Debug/cmTryCompileExec1957259255.build/Objects-normal/x86_64/src.d";
    NSUnderlyingError = "Error Domain=NSPOSIXErrorDomain Code=2 \"The operation couldn\U2019t be completed. No such file or directory\"";
}.
Function: void XCGccMakefileDependenciesParsePathsFromRuleFile(NSString *__strong, void (^__strong)(NSString *__strong))
Thread:   <NSThread: 0x7ff5b16cb400>{name = (null), num = 7}
Please file a bug at http://bugreport.apple.com with this warning message and any useful information you can provide.
** BUILD FAILED **


The following build commands failed:
	CompileC CMAKE_TRY_COMPILE.build/Debug/cmTryCompileExec1957259255.build/Objects-normal/x86_64/src.o src.c normal x86_64 c com.apple.compilers.llvm.clang.1_0.compiler
(1 failure)

Source file was:

#include <omp.h>
int main() {
#ifdef _OPENMP
  return 0;
#else
  breaks_on_purpose
#endif
}

Performing C SOURCE FILE Test OpenMP_FLAG_DETECTED failed with the following output:
Change Dir: /Users/Xiao/workspace/Azurender/build/CMakeFiles/CMakeTmp

Run Build Command:/usr/local/Cellar/cmake/2.8.12.2/bin/cmakexbuild -project CMAKE_TRY_COMPILE.xcodeproj build -target cmTryCompileExec1910927980 -configuration Debug
=== BUILD TARGET cmTryCompileExec1910927980 OF PROJECT CMAKE_TRY_COMPILE WITH CONFIGURATION Debug ===

Check dependencies

Write auxiliary files
/bin/mkdir -p /Users/Xiao/workspace/Azurender/build/CMakeFiles/CMakeTmp/CMAKE_TRY_COMPILE.build/Debug/cmTryCompileExec1910927980.build/Objects-normal/x86_64
write-file /Users/Xiao/workspace/Azurender/build/CMakeFiles/CMakeTmp/CMAKE_TRY_COMPILE.build/Debug/cmTryCompileExec1910927980.build/Objects-normal/x86_64/cmTryCompileExec1910927980.LinkFileList

CompileC CMAKE_TRY_COMPILE.build/Debug/cmTryCompileExec1910927980.build/Objects-normal/x86_64/src.o src.c normal x86_64 c com.apple.compilers.llvm.clang.1_0.compiler
    cd /Users/Xiao/workspace/Azurender/build/CMakeFiles/CMakeTmp
    export LANG=en_US.US-ASCII
    /Applications/Xcode.app/Contents/Developer/Toolchains/XcodeDefault.xctoolchain/usr/bin/clang -x c -arch x86_64 -fmessage-length=0 -fdiagnostics-show-note-include-stack -fmacro-backtrace-limit=0 -Wno-trigraphs -fpascal-strings -O0 -Wno-missing-field-initializers2014-07-05 20:27:07.974 xcode -Wno-missing-prototypes -Wno-return-type -Wno-missing-braces -Wparentheses -Wswitch -Wno-unused-function -Wno-unused-label -Wno-unused-parameter -Wno-unused-variable -Wunused-value -Wno-empty-body -Wno-uninitialized -Wno-unknown-pragmas -Wno-shadow -Wno-four-char-constants -Wno-conversion -Wno-constant-conversion -Wno-int-conversion -Wno-bool-conversion -Wno-enum-conversion -Wno-shorten-64-to-32 -Wpointer-sign -Wno-newline-eof -DCMAKE_INTDIR=\"Debug\" -isysroot /Applications/Xcode.app/Contents/Developer/Platforms/MacOSX.platform/Developer/SDKs/MacOSX10.9.sdk -fasm-blocks -fstrict-aliasing -Wdeprecated-declarations -mmacosx-version-min=10.9 -g -Wno-sign-conversion -I/Users/Xiao/workspace/Azurender/build/CMakeFiles/CMakeTmp/Debug/include -I/Applications/Xcode.app/Contents/Developer/Toolchains/XcodeDefault.xctoolchain/usr/include -I/Users/Xiao/workspace/Azurender/build/CMakeFiles/CMakeTmp/CMAKE_TRY_COMPILE.build/Debug/cmTryCompileExec1910927980.build/DerivedSources/x86_64 -I/Users/Xiao/workspace/Azurender/build/CMakeFiles/CMakeTmp/CMAKE_TRY_COMPILE.build/Debug/cmTryCompileExec1910927980.build/DerivedSources -Wmost -Wno-four-char-constants -Wno-unknown-pragmas -F/Users/Xiao/workspace/Azurender/build/CMakeFiles/CMakeTmp/Debug -DOpenMP_FLAG_DETECTED -Qopenmp -MMD -MT dependencies -MF /Users/Xiao/workspace/Azurender/build/CMakeFiles/CMakeTmp/CMAKE_TRY_COMPILE.build/Debug/cmTryCompileExec1910927980.build/Objects-normal/x86_64/src.d --serialize-diagnostics /Users/Xiao/workspace/Azurender/build/CMakeFiles/CMakeTmp/CMAKE_TRY_COMPILE.build/Debug/cmTryCompileExec1910927980.build/Objects-normal/x86_64/src.dia -c /Users/Xiao/workspace/Azurender/build/CMakeFiles/CMakeTmp/src.c -o /Users/Xiao/workspace/Azurender/build/CMakeFiles/CMakeTmp/CMAKE_TRY_COMPILE.build/Debug/cmTryCompileExec1910927980.build/Objects-normal/x86_64/src.o
clang: error: unknown argument: '-Qopenmp' [-Wunused-command-line-argument-hard-error-in-future]
clang: note: this will be a hard error (cannot be downgraded to a warning) in the future
Command /Applicatiobuild[5225:30b]  DVns/Xcode.app/Contents/Developer/Toolchains/XcodeDefault.xctoolchain/usr/bin/clang failed with exit code 1

TAssertions: Warning in /SourceCache/IDEXcode3ProjectSupport/IDEXcode3ProjectSupport-5069/Xcode3Core/LegacyProjects/Frameworks/DevToolsCore/DevToolsCore/SpecificationTypes/BuiltInSpecifications/Compilers/XCGccMakefileDependencies.m:76
Details:  Failed to load dependencies output contents from ``/Users/Xiao/workspace/Azurender/build/CMakeFiles/CMakeTmp/CMAKE_TRY_COMPILE.build/Debug/cmTryCompileExec1910927980.build/Objects-normal/x86_64/src.d''. Error: Error Domain=NSCocoaErrorDomain Code=260 "The file “src.d” couldn’t be opened because there is no such file." UserInfo=0x7fa859ca9de0 {NSFilePath=/Users/Xiao/workspace/Azurender/build/CMakeFiles/CMakeTmp/CMAKE_TRY_COMPILE.build/Debug/cmTryCompileExec1910927980.build/Objects-normal/x86_64/src.d, NSUnderlyingError=0x7fa859ca5cc0 "The operation couldn’t be completed. No such file or directory"}. User info: {
    NSFilePath = "/Users/Xiao/workspace/Azurender/build/CMakeFiles/CMakeTmp/CMAKE_TRY_COMPILE.build/Debug/cmTryCompileExec1910927980.build/Objects-normal/x86_64/src.d";
    NSUnderlyingError = "Error Domain=NSPOSIXErrorDomain Code=2 \"The operation couldn\U2019t be completed. No such file or directory\"";
}.
Function: void XCGccMakefileDependenciesParsePathsFromRuleFile(NSString *__strong, void (^__strong)(NSString *__strong))
Thread:   <NSThread: 0x7fa859ca7970>{name = (null), num = 7}
Please file a bug at http://bugreport.apple.com with this warning message and any useful information you can provide.
** BUILD FAILED **


The following build commands failed:
	CompileC CMAKE_TRY_COMPILE.build/Debug/cmTryCompileExec1910927980.build/Objects-normal/x86_64/src.o src.c normal x86_64 c com.apple.compilers.llvm.clang.1_0.compiler
(1 failure)

Source file was:

#include <omp.h>
int main() {
#ifdef _OPENMP
  return 0;
#else
  breaks_on_purpose
#endif
}

Performing C SOURCE FILE Test OpenMP_FLAG_DETECTED failed with the following output:
Change Dir: /Users/Xiao/workspace/Azurender/build/CMakeFiles/CMakeTmp

Run Build Command:/usr/local/Cellar/cmake/2.8.12.2/bin/cmakexbuild -project CMAKE_TRY_COMPILE.xcodeproj build -target cmTryCompileExec2969027070 -configuration Debug
=== BUILD TARGET cmTryCompileExec2969027070 OF PROJECT CMAKE_TRY_COMPILE WITH CONFIGURATION Debug ===

Check dependencies

Write auxiliary files
/bin/mkdir -p /Users/Xiao/workspace/Azurender/build/CMakeFiles/CMakeTmp/CMAKE_TRY_COMPILE.build/Debug/cmTryCompileExec2969027070.build/Objects-normal/x86_64
write-file /Users/Xiao/workspace/Azurender/build/CMakeFiles/CMakeTmp/CMAKE_TRY_COMPILE.build/Debug/cmTryCompileExec2969027070.build/Objects-normal/x86_64/cmTryCompileExec2969027070.LinkFileList

CompileC CMAKE_TRY_COMPILE.build/Debug/cmTryCompileExec2969027070.build/Objects-normal/x86_64/src.o src.c normal x86_64 c com.apple.compilers.llvm.clang.1_0.compiler
    cd /Users/Xiao/workspace/Azurender/build/CMakeFiles/CMakeTmp
    export LANG=en_US.US-ASCII
    /Applications/Xcode.app/Contents/Developer/Toolchains/XcodeDefault.xctoolchain/usr/bin/clang -x c -arch x86_64 -fmessage-length=0 -fdiagnostics-show-note-include-stack -fmacro-backtrace-limit=0 -Wno-trigraphs -fpascal-strings -O0 -Wno-missing-field-initializers2014-07-05 20:27:08.345 xcodebuild[5237:30b]  DVTAssertions: Warning in /SourceCache/IDEXcode3ProjectSupport/IDEXcode3ProjectSupport-5069/Xcode3Core/LegacyProjects/Frameworks/DevToolsCore/DevToolsCore/SpecificationTypes/BuiltInSpecifications -Wno-missing-prototypes -Wno-return-type -Wno-missing-braces -Wparentheses -Wswitch -Wno-unused-function -Wno-unused-label -Wno-unused-parameter -Wno-unused-variable -Wunused-value -Wno-empty-body -Wno-uninitialized -Wno-unknown-pragmas -Wno-shadow -Wno-four-char-constants -Wno-conversion -Wno-constant-conversion -Wno-int-conversion -Wno-bool-conversion -Wno-enum-conversion -Wno-shorten-64-to-32 -Wpointer-sign -Wno-newline-eof -DCMAKE_INTDIR=\"Debug\" -isysroot /Applications/Xcode.app/Contents/Developer/Platforms/MacOSX.platform/Developer/SDKs/MacOSX10.9.sdk -fasm-blocks -fstrict-aliasing -Wdeprecated-declarations -mmacosx-version-min=10.9 -g -Wno-sign-conversion -I/Users/Xiao/workspace/Azurender/build/CMakeFiles/CMakeTmp/Debug/include -I/Applications/Xcode.app/Contents/Developer/Toolchains/XcodeDefault.xctoolchain/usr/include -I/Users/Xiao/workspace/Azurender/build/CMakeFiles/CMakeTmp/CMAKE_TRY_COMPILE.build/Debug/cmTryCompileExec2969027070.build/DerivedSources/x86_64 -I/Users/Xiao/workspace/Azurender/build/CMakeFiles/CMakeTmp/CMAKE_TRY_COMPILE.build/Debug/cmTryCompileExec2969027070.build/DerivedSources -Wmost -Wno-four-char-constants -Wno-unknown-pragmas -F/Users/Xiao/workspace/Azurender/build/CMakeFiles/CMakeTmp/Debug -DOpenMP_FLAG_DETECTED -openmp -MMD -MT dependencies -MF /Users/Xiao/workspace/Azurender/build/CMakeFiles/CMakeTmp/CMAKE_TRY_COMPILE.build/Debug/cmTryCompileExec2969027070.build/Objects-normal/x86_64/src.d --serialize-diagnostics /Users/Xiao/workspace/Azurender/build/CMakeFiles/CMakeTmp/CMAKE_TRY_COMPILE.build/Debug/cmTryCompileExec2969027070.build/Objects-normal/x86_64/src.dia -c /Users/Xiao/workspace/Azurender/build/CMakeFiles/CMakeTmp/src.c -o /Users/Xiao/workspace/Azurender/build/CMakeFiles/CMakeTmp/CMAKE_TRY_COMPILE.build/Debug/cmTryCompileExec2969027070.build/Objects-normal/x86_64/src.o
/Users/Xiao/workspace/Azurender/build/CMakeFiles/CMakeTmp/src.c:2:10: fatal error: 'omp.h' file not found
#include <omp.h>
         ^
1 error generated.

/Compilers/XCGccMakefileDependencies.m:76
Details:  Failed to load dependencies output contents from ``/Users/Xiao/workspace/Azurender/build/CMakeFiles/CMakeTmp/CMAKE_TRY_COMPILE.build/Debug/cmTryCompileExec2969027070.build/Objects-normal/x86_64/src.d''. Error: Error Domain=NSCocoaErrorDomain Code=260 "The file “src.d” couldn’t be opened because there is no such file." UserInfo=0x7fba75b2fa90 {NSFilePath=/Users/Xiao/workspace/Azurender/build/CMakeFiles/CMakeTmp/CMAKE_TRY_COMPILE.build/Debug/cmTryCompileExec2969027070.build/Objects-normal/x86_64/src.d, NSUnderlyingError=0x7fba75b5ad60 "The operation couldn’t be completed. No such file or directory"}. User info: {
    NSFilePath = "/Users/Xiao/workspace/Azurender/build/CMakeFiles/CMakeTmp/CMAKE_TRY_COMPILE.build/Debug/cmTryCompileExec2969027070.build/Objects-normal/x86_64/src.d";
    NSUnderlyingError = "Error Domain=NSPOSIXErrorDomain Code=2 \"The operation couldn\U2019t be completed. No such file or directory\"";
}.
Function: void XCGccMakefileDependenciesParsePathsFromRuleFile(NSString *__strong, void (^__strong)(NSString *__strong))
Thread:   <NSThread: 0x7fba75b5b670>{name = (null), num = 7}
Please file a bug at http://bugreport.apple.com with this warning message and any useful information you can provide.
** BUILD FAILED **


The following build commands failed:
	CompileC CMAKE_TRY_COMPILE.build/Debug/cmTryCompileExec2969027070.build/Objects-normal/x86_64/src.o src.c normal x86_64 c com.apple.compilers.llvm.clang.1_0.compiler
(1 failure)

Source file was:

#include <omp.h>
int main() {
#ifdef _OPENMP
  return 0;
#else
  breaks_on_purpose
#endif
}

Performing C SOURCE FILE Test OpenMP_FLAG_DETECTED failed with the following output:
Change Dir: /Users/Xiao/workspace/Azurender/build/CMakeFiles/CMakeTmp

Run Build Command:/usr/local/Cellar/cmake/2.8.12.2/bin/cmakexbuild -project CMAKE_TRY_COMPILE.xcodeproj build -target cmTryCompileExec2945793239 -configuration Debug
=== BUILD TARGET cmTryCompileExec2945793239 OF PROJECT CMAKE_TRY_COMPILE WITH CONFIGURATION Debug ===

Check dependencies

Write auxiliary files
/bin/mkdir -p /Users/Xiao/workspace/Azurender/build/CMakeFiles/CMakeTmp/CMAKE_TRY_COMPILE.build/Debug/cmTryCompileExec2945793239.build/Objects-normal/x86_64
write-file /Users/Xiao/workspace/Azurender/build/CMakeFiles/CMakeTmp/CMAKE_TRY_COMPILE.build/Debug/cmTryCompileExec2945793239.build/Objects-normal/x86_64/cmTryCompileExec2945793239.LinkFileList

CompileC CMAKE_TRY_COMPILE.build/Debug/cmTryCompileExec2945793239.build/Objects-normal/x86_64/src.o src.c normal x86_64 c com.apple.compilers.llvm.clang.1_0.compiler
    cd /Users/Xiao/workspace/Azurender/build/CMakeFiles/CMakeTmp
    export LANG=en_US.US-ASCII
    /Applications/Xcode.app/Contents/Developer/Toolchains/XcodeDefault.xctoolchain/usr/bin/clang -x c -arch x86_64 -fmessage-length=0 -fdiagnostics-show-note-include-stack -fmacro-backtrace-limit=0 -Wno-trigraphs -fpascal-strings -O0 -Wno-missing-field-initializers2014-07-05 20:27:08.726 xcodebuild -Wno-missing-prototypes -Wno-return-type -Wno-missing-braces -Wparentheses -Wswitch -Wno-unused-function -Wno-unused-label -Wno-unused-parameter -Wno-unused-variable -Wunused-value -Wno-empty-body -Wno-uninitialized -Wno-unknown-pragmas -Wno-shadow -Wno-four-char-constants -Wno-conversion -Wno-constant-conversion -Wno-int-conversion -Wno-bool-conversion -Wno-enum-conversion -Wno-shorten-64-to-32 -Wpointer-sign -Wno-newline-eof -DCMAKE_INTDIR=\"Debug\" -isysroot /Applications/Xcode.app/Contents/Developer/Platforms/MacOSX.platform/Developer/SDKs/MacOSX10.9.sdk -fasm-blocks -fstrict-aliasing -Wdeprecated-declarations -mmacosx-version-min=10.9 -g -Wno-sign-conversion -I/Users/Xiao/workspace/Azurender/build/CMakeFiles/CMakeTmp/Debug/include -I/Applications/Xcode.app/Contents/Developer/Toolchains/XcodeDefault.xctoolchain/usr/include -I/Users/Xiao/workspace/Azurender/build/CMakeFiles/CMakeTmp/CMAKE_TRY_COMPILE.build/Debug/cmTryCompileExec2945793239.build/DerivedSources/x86_64 -I/Users/Xiao/workspace/Azurender/build[5250:30b]  DVTAsse/CMakeFiles/CMakeTmp/CMAKE_TRY_COMPILE.build/Debug/cmTryCompileExec2945793239.build/DerivedSources -Wmost -Wno-four-char-constants -Wno-unknown-pragmas -F/Users/Xiao/workspace/Azurender/build/CMakeFiles/CMakeTmp/Debug -DOpenMP_FLAG_DETECTED -xopenmp -MMD -MT dependencies -MF /Users/Xiao/workspace/Azurender/build/CMakeFiles/CMakeTmp/CMAKE_TRY_COMPILE.build/Debug/cmTryCompileExec2945793239.build/Objects-normal/x86_64/src.d --serialize-diagnostics /Users/Xiao/workspace/Azurender/build/CMakeFiles/CMakeTmp/CMAKE_TRY_COMPILE.build/Debug/cmTryCompileExec2945793239.build/Objects-normal/x86_64/src.dia -c /Users/Xiao/workspace/Azurender/build/CMakeFiles/CMakeTmp/src.c -o /Users/Xiao/workspace/Azurender/build/CMakeFiles/CMakeTmp/CMAKE_TRY_COMPILE.build/Debug/cmTryCompileExec2945793239.build/Objects-normal/x86_64/src.o
clang: error: language not recognized: 'openmp'
clang: warning: /Users/Xiao/workspace/Azurender/build/CMakeFiles/CMakeTmp/src.c: 'linker' input unused
Command /Applications/Xcode.app/Contents/Developer/Toortions: Wlchains/XcodeDefault.xctoolchain/usr/bin/clang failed with exit code 1

arning in /SourceCache/IDEXcode3ProjectSupport/IDEXcode3ProjectSupport-5069/Xcode3Core/LegacyProjects/Frameworks/DevToolsCore/DevToolsCore/SpecificationTypes/BuiltInSpecifications/Compilers/XCGccMakefileDependencies.m:76
Details:  Failed to load dependencies output contents from ``/Users/Xiao/workspace/Azurender/build/CMakeFiles/CMakeTmp/CMAKE_TRY_COMPILE.build/Debug/cmTryCompileExec2945793239.build/Objects-normal/x86_64/src.d''. Error: Error Domain=NSCocoaErrorDomain Code=260 "The file “src.d” couldn’t be opened because there is no such file." UserInfo=0x7f9b73c92170 {NSFilePath=/Users/Xiao/workspace/Azurender/build/CMakeFiles/CMakeTmp/CMAKE_TRY_COMPILE.build/Debug/cmTryCompileExec2945793239.build/Objects-normal/x86_64/src.d, NSUnderlyingError=0x7f9b71e33350 "The operation couldn’t be completed. No such file or directory"}. User info: {
    NSFilePath = "/Users/Xiao/workspace/Azurender/build/CMakeFiles/CMakeTmp/CMAKE_TRY_COMPILE.build/Debug/cmTryCompileExec2945793239.build/Objects-normal/x86_64/src.d";
    NSUnderlyingError = "Error Domain=NSPOSIXErrorDomain Code=2 \"The operation couldn\U2019t be completed. No such file or directory\"";
}.
Function: void XCGccMakefileDependenciesParsePathsFromRuleFile(NSString *__strong, void (^__strong)(NSString *__strong))
Thread:   <NSThread: 0x7f9b73c921b0>{name = (null), num = 7}
Please file a bug at http://bugreport.apple.com with this warning message and any useful information you can provide.
** BUILD FAILED **


The following build commands failed:
	CompileC CMAKE_TRY_COMPILE.build/Debug/cmTryCompileExec2945793239.build/Objects-normal/x86_64/src.o src.c normal x86_64 c com.apple.compilers.llvm.clang.1_0.compiler
(1 failure)

Source file was:

#include <omp.h>
int main() {
#ifdef _OPENMP
  return 0;
#else
  breaks_on_purpose
#endif
}

Performing C SOURCE FILE Test OpenMP_FLAG_DETECTED failed with the following output:
Change Dir: /Users/Xiao/workspace/Azurender/build/CMakeFiles/CMakeTmp

Run Build Command:/usr/local/Cellar/cmake/2.8.12.2/bin/cmakexbuild -project CMAKE_TRY_COMPILE.xcodeproj build -target cmTryCompileExec3769027398 -configuration Debug
=== BUILD TARGET cmTryCompileExec3769027398 OF PROJECT CMAKE_TRY_COMPILE WITH CONFIGURATION Debug ===

Check dependencies

Write auxiliary files
/bin/mkdir -p /Users/Xiao/workspace/Azurender/build/CMakeFiles/CMakeTmp/CMAKE_TRY_COMPILE.build/Debug/cmTryCompileExec3769027398.build/Objects-normal/x86_64
write-file /Users/Xiao/workspace/Azurender/build/CMakeFiles/CMakeTmp/CMAKE_TRY_COMPILE.build/Debug/cmTryCompileExec3769027398.build/Objects-normal/x86_64/cmTryCompileExec3769027398.LinkFileList

CompileC CMAKE_TRY_COMPILE.build/Debug/cmTryCompileExec3769027398.build/Objects-normal/x86_64/src.o src.c normal x86_64 c com.apple.compilers.llvm.clang.1_0.compiler
    cd /Users/Xiao/workspace/Azurender/build/CMakeFiles/CMakeTmp
    export LANG=en_US.US-ASCII
    /Applications/Xcode.app/Contents/Developer/Toolchains/XcodeDefault.xctoolchain/usr/bin/clang -x c -arch x86_64 -fmessage-length=0 -fdiagnostics-show-note-include-stack -fmacro-backtrace-limit=0 -Wno-trigraphs -fpascal-strings -O0 -Wno-missing-field-initializers2014-07-05 20:27:09.091 xcodebuild[5262:30b]  DVTAsse -Wno-missing-prototypes -Wno-return-type -Wno-missing-braces -Wparentheses -Wswitch -Wno-unused-function -Wno-unused-label -Wno-unused-parameter -Wno-unused-variable -Wunused-value -Wno-empty-body -Wno-uninitialized -Wno-unknown-pragmas -Wno-shadow -Wno-four-char-constants -Wno-conversion -Wno-constant-conversion -Wno-int-conversion -Wno-bool-conversion -Wno-enum-conversion -Wno-shorten-64-to-32 -Wpointer-sign -Wno-newline-eof -DCMAKE_INTDIR=\"Debug\" -isysroot /Applications/Xcode.app/Contents/Developer/Platforms/MacOSX.platform/Developer/SDKs/MacOSX10.9.sdk -fasm-blocks -fstrict-aliasing -Wdeprecated-declarations -mmacosx-version-min=10.9 -g -Wno-sign-conversion -I/Users/Xiao/workspace/Azurender/build/CMakeFiles/CMakeTmp/Debug/include -I/Applications/Xcode.app/Contents/Developer/Toolchains/XcodeDefault.xctoolchain/usr/include -I/Users/Xiao/workspace/Azurender/build/CMakeFiles/CMakeTmp/CMAKE_TRY_COMPILE.build/Debug/cmTryCompileExec3769027398.build/DerivedSources/x86_64 -I/Users/Xiao/workspace/Azurender/buildrtions: Warnin/CMakeFiles/CMakeTmp/CMAKE_TRY_COMPILE.build/Debug/cmTryCompileExec3769027398.build/DerivedSources -Wmost -Wno-four-char-constants -Wno-unknown-pragmas -F/Users/Xiao/workspace/Azurender/build/CMakeFiles/CMakeTmp/Debug -DOpenMP_FLAG_DETECTED +Oopenmp -MMD -MT dependencies -MF /Users/Xiao/workspace/Azurender/build/CMakeFiles/CMakeTmp/CMAKE_TRY_COMPILE.build/Debug/cmTryCompileExec3769027398.build/Objects-normal/x86_64/src.d --serialize-diagnostics /Users/Xiao/workspace/Azurender/build/CMakeFiles/CMakeTmp/CMAKE_TRY_COMPILE.build/Debug/cmTryCompileExec3769027398.build/Objects-normal/x86_64/src.dia -c /Users/Xiao/workspace/Azurender/build/CMakeFiles/CMakeTmp/src.c -o /Users/Xiao/workspace/Azurender/build/CMakeFiles/CMakeTmp/CMAKE_TRY_COMPILE.build/Debug/cmTryCompileExec3769027398.build/Objects-normal/x86_64/src.o
clang: error: no such file or directory: '+Oopenmp'
Command /Applications/Xcode.app/Contents/Developer/Toolchains/XcodeDefault.xctoolchain/usr/bin/clang failed with exit code 1

g in /SourceCache/IDEXcode3ProjectSupport/IDEXcode3ProjectSupport-5069/Xcode3Core/LegacyProjects/Frameworks/DevToolsCore/DevToolsCore/SpecificationTypes/BuiltInSpecifications/Compilers/XCGccMakefileDependencies.m:76
Details:  Failed to load dependencies output contents from ``/Users/Xiao/workspace/Azurender/build/CMakeFiles/CMakeTmp/CMAKE_TRY_COMPILE.build/Debug/cmTryCompileExec3769027398.build/Objects-normal/x86_64/src.d''. Error: Error Domain=NSCocoaErrorDomain Code=260 "The file “src.d” couldn’t be opened because there is no such file." UserInfo=0x7f9660562120 {NSFilePath=/Users/Xiao/workspace/Azurender/build/CMakeFiles/CMakeTmp/CMAKE_TRY_COMPILE.build/Debug/cmTryCompileExec3769027398.build/Objects-normal/x86_64/src.d, NSUnderlyingError=0x7f96605668b0 "The operation couldn’t be completed. No such file or directory"}. User info: {
    NSFilePath = "/Users/Xiao/workspace/Azurender/build/CMakeFiles/CMakeTmp/CMAKE_TRY_COMPILE.build/Debug/cmTryCompileExec3769027398.build/Objects-normal/x86_64/src.d";
    NSUnderlyingError = "Error Domain=NSPOSIXErrorDomain Code=2 \"The operation couldn\U2019t be completed. No such file or directory\"";
}.
Function: void XCGccMakefileDependenciesParsePathsFromRuleFile(NSString *__strong, void (^__strong)(NSString *__strong))
Thread:   <NSThread: 0x7f9660562160>{name = (null), num = 7}
Please file a bug at http://bugreport.apple.com with this warning message and any useful information you can provide.
** BUILD FAILED **


The following build commands failed:
	CompileC CMAKE_TRY_COMPILE.build/Debug/cmTryCompileExec3769027398.build/Objects-normal/x86_64/src.o src.c normal x86_64 c com.apple.compilers.llvm.clang.1_0.compiler
(1 failure)

Source file was:

#include <omp.h>
int main() {
#ifdef _OPENMP
  return 0;
#else
  breaks_on_purpose
#endif
}

Performing C SOURCE FILE Test OpenMP_FLAG_DETECTED failed with the following output:
Change Dir: /Users/Xiao/workspace/Azurender/build/CMakeFiles/CMakeTmp

Run Build Command:/usr/local/Cellar/cmake/2.8.12.2/bin/cmakexbuild -project CMAKE_TRY_COMPILE.xcodeproj build -target cmTryCompileExec29513978 -configuration Debug
=== BUILD TARGET cmTryCompileExec29513978 OF PROJECT CMAKE_TRY_COMPILE WITH CONFIGURATION Debug ===

Check dependencies

Write auxiliary files
/bin/mkdir -p /Users/Xiao/workspace/Azurender/build/CMakeFiles/CMakeTmp/CMAKE_TRY_COMPILE.build/Debug/cmTryCompileExec29513978.build/Objects-normal/x86_64
write-file /Users/Xiao/workspace/Azurender/build/CMakeFiles/CMakeTmp/CMAKE_TRY_COMPILE.build/Debug/cmTryCompileExec29513978.build/Objects-normal/x86_64/cmTryCompileExec29513978.LinkFileList

CompileC CMAKE_TRY_COMPILE.build/Debug/cmTryCompileExec29513978.build/Objects-normal/x86_64/src.o src.c normal x86_64 c com.apple.compilers.llvm.clang.1_0.compiler
    cd /Users/Xiao/workspace/Azurender/build/CMakeFiles/CMakeTmp
    export LANG=en_US.US-ASCII
    /Applications/Xcode.app/Contents/Developer/Toolchains/XcodeDefault.xctoolchain/usr/bin/clang -x c -arch x86_64 -fmessage-length=0 -fdiagnostics-show-note-include-stack -fmacro-backtrace-limit=0 -Wno-trigraphs -fpascal-strings -O0 -Wno-missing-field-initializers -Wno-miss2014-07-05 20:27:09.460 xcodebuiling-prototypes -Wno-return-type -Wno-missing-braces -Wparentheses -Wswitch -Wno-unused-function -Wno-unused-label -Wno-unused-parameter -Wno-unused-variable -Wunused-value -Wno-empty-body -Wno-uninitialized -Wno-unknown-pragmas -Wno-shadow -Wno-four-char-constants -Wno-conversion -Wno-constant-conversion -Wno-int-conversion -Wno-bool-conversion -Wno-enum-conversion -Wno-shorten-64-to-32 -Wpointer-sign -Wno-newline-eof -DCMAKE_INTDIR=\"Debug\" -isysroot /Applications/Xcode.app/Contents/Developer/Platforms/MacOSX.platform/Developer/SDKs/MacOSX10.9.sdk -fasm-blocks -fstrict-aliasing -Wdeprecated-declarations -mmacosx-version-min=10.9 -g -Wno-sign-conversion -I/Users/Xiao/workspace/Azurender/build/CMakeFiles/CMakeTmp/Debug/include -I/Applications/Xcode.app/Contents/Developer/Toolchains/XcodeDefault.xctoolchain/usr/include -I/Users/Xiao/workspace/Azurender/build/CMakeFiles/CMakeTmp/CMAKE_TRY_COMPILE.build/Debug/cmTryCompileExec29513978.build/DerivedSources/x86_64 -I/Users/Xiao/workspace/Azurender/build/CMakeFiles/d[5274:2007]  DVTAssertions: Warning in /SourceCache/IDEXcode3ProjectSupport/IDECMakeTmp/CMAKE_TRY_COMPILE.build/Debug/cmTryCompileExec29513978.build/DerivedSources -Wmost -Wno-four-char-constants -Wno-unknown-pragmas -F/Users/Xiao/workspace/Azurender/build/CMakeFiles/CMakeTmp/Debug -DOpenMP_FLAG_DETECTED -qsmp -MMD -MT dependencies -MF /Users/Xiao/workspace/Azurender/build/CMakeFiles/CMakeTmp/CMAKE_TRY_COMPILE.build/Debug/cmTryCompileExec29513978.build/Objects-normal/x86_64/src.d --serialize-diagnostics /Users/Xiao/workspace/Azurender/build/CMakeFiles/CMakeTmp/CMAKE_TRY_COMPILE.build/Debug/cmTryCompileExec29513978.build/Objects-normal/x86_64/src.dia -c /Users/Xiao/workspace/Azurender/build/CMakeFiles/CMakeTmp/src.c -o /Users/Xiao/workspace/Azurender/build/CMakeFiles/CMakeTmp/CMAKE_TRY_COMPILE.build/Debug/cmTryCompileExec29513978.build/Objects-normal/x86_64/src.o
clang: error: unknown argument: '-qsmp' [-Wunused-command-line-argument-hard-error-in-future]
clang: note: this will be a hard error (cannot be downgraded to a warning) in the future
Command /Applications/Xcode.app/Contents/Developer/Toolchains/XcodeDefault.xctoolchain/usr/bin/clang failed with exit code 1

Xcode3ProjectSupport-5069/Xcode3Core/LegacyProjects/Frameworks/DevToolsCore/DevToolsCore/SpecificationTypes/BuiltInSpecifications/Compilers/XCGccMakefileDependencies.m:76
Details:  Failed to load dependencies output contents from ``/Users/Xiao/workspace/Azurender/build/CMakeFiles/CMakeTmp/CMAKE_TRY_COMPILE.build/Debug/cmTryCompileExec29513978.build/Objects-normal/x86_64/src.d''. Error: Error Domain=NSCocoaErrorDomain Code=260 "The file “src.d” couldn’t be opened because there is no such file." UserInfo=0x7fd87d35e540 {NSFilePath=/Users/Xiao/workspace/Azurender/build/CMakeFiles/CMakeTmp/CMAKE_TRY_COMPILE.build/Debug/cmTryCompileExec29513978.build/Objects-normal/x86_64/src.d, NSUnderlyingError=0x7fd87d2b7200 "The operation couldn’t be completed. No such file or directory"}. User info: {
    NSFilePath = "/Users/Xiao/workspace/Azurender/build/CMakeFiles/CMakeTmp/CMAKE_TRY_COMPILE.build/Debug/cmTryCompileExec29513978.build/Objects-normal/x86_64/src.d";
    NSUnderlyingError = "Error Domain=NSPOSIXErrorDomain Code=2 \"The operation couldn\U2019t be completed. No such file or directory\"";
}.
Function: void XCGccMakefileDependenciesParsePathsFromRuleFile(NSString *__strong, void (^__strong)(NSString *__strong))
Thread:   <NSThread: 0x7fd87ae00be0>{name = (null), num = 7}
Please file a bug at http://bugreport.apple.com with this warning message and any useful information you can provide.
** BUILD FAILED **


The following build commands failed:
	CompileC CMAKE_TRY_COMPILE.build/Debug/cmTryCompileExec29513978.build/Objects-normal/x86_64/src.o src.c normal x86_64 c com.apple.compilers.llvm.clang.1_0.compiler
(1 failure)

Source file was:

#include <omp.h>
int main() {
#ifdef _OPENMP
  return 0;
#else
  breaks_on_purpose
#endif
}

Performing C SOURCE FILE Test OpenMP_FLAG_DETECTED failed with the following output:
Change Dir: /Users/Xiao/workspace/Azurender/build/CMakeFiles/CMakeTmp

Run Build Command:/usr/local/Cellar/cmake/2.8.12.2/bin/cmakexbuild -project CMAKE_TRY_COMPILE.xcodeproj build -target cmTryCompileExec548693090 -configuration Debug
=== BUILD TARGET cmTryCompileExec548693090 OF PROJECT CMAKE_TRY_COMPILE WITH CONFIGURATION Debug ===

Check dependencies

Write auxiliary files
/bin/mkdir -p /Users/Xiao/workspace/Azurender/build/CMakeFiles/CMakeTmp/CMAKE_TRY_COMPILE.build/Debug/cmTryCompileExec548693090.build/Objects-normal/x86_64
write-file /Users/Xiao/workspace/Azurender/build/CMakeFiles/CMakeTmp/CMAKE_TRY_COMPILE.build/Debug/cmTryCompileExec548693090.build/Objects-normal/x86_64/cmTryCompileExec548693090.LinkFileList

CompileC CMAKE_TRY_COMPILE.build/Debug/cmTryCompileExec548693090.build/Objects-normal/x86_64/src.o src.c normal x86_64 c com.apple.compilers.llvm.clang.1_0.compiler
    cd /Users/Xiao/workspace/Azurender/build/CMakeFiles/CMakeTmp
    export LANG=en_US.US-ASCII
    /Applications/Xcode.app/Contents/Developer/Toolchains/XcodeDefault.xctoolchain/usr/bin/clang -x c -arch x86_64 -fmessage-length=0 -fdiagnostics-show-note-include-stack -fmacro-backtrace-limit=0 -Wno-trigraphs -fpascal-strings -O0 -Wno-missing-field-initializers -Wno2014-07-05 20:27:09.825 xc-missing-prototypes -Wno-return-type -Wno-missing-braces -Wparentheses -Wswitch -Wno-unused-function -Wno-unused-label -Wno-unused-parameter -Wno-unused-variable -Wunused-value -Wno-empty-body -Wno-uninitialized -Wno-unknown-pragmas -Wno-shadow -Wno-four-char-constants -Wno-conversion -Wno-constant-conversion -Wno-int-conversion -Wno-bool-conversion -Wno-enum-conversion -Wno-shorten-64-to-32 -Wpointer-sign -Wno-newline-eof -DCMAKE_INTDIR=\"Debug\" -isysroot /Applications/Xcode.app/Contents/Developer/Platforms/MacOSX.platform/Developer/SDKs/MacOSX10.9.sdk -fasm-blocks -fstrict-aliasing -Wdeprecated-declarations -mmacosx-version-min=10.9 -g -Wno-sign-conversion -I/Users/Xiao/workspace/Azurender/build/CMakeFiles/CMakeTmp/Debug/include -I/Applications/Xcode.app/Contents/Developer/Toolchains/XcodeDefault.xctoolchain/usr/include -I/Users/Xiao/workspace/Azurender/build/CMakeFiles/CMakeTmp/CMAKE_TRY_COMPILE.build/Debug/cmTryCompileExec548693090.build/DerivedSources/x86_64 -I/Users/Xiao/workspace/Azurender/build/CMakeodebuild[5286:30b]  DVTAssertions: Warning in /SourceCache/IDEXcode3ProjectSupport/IDEXcode3ProjectSupport-5069/Xcode3Core/LegacyProjects/Frameworks/DevToolsCore/DevToolsCore/SpecificationTypes/BuiltInSpecifications/Compilers/XCGccMakefiFiles/CMakeTmp/CMAKE_TRY_COMPILE.build/Debug/cmTryCompileExec548693090.build/DerivedSources -Wmost -Wno-four-char-constants -Wno-unknown-pragmas -F/Users/Xiao/workspace/Azurender/build/CMakeFiles/CMakeTmp/Debug -DOpenMP_FLAG_DETECTED -mp -MMD -MT dependencies -MF /Users/Xiao/workspace/Azurender/build/CMakeFiles/CMakeTmp/CMAKE_TRY_COMPILE.build/Debug/cmTryCompileExec548693090.build/Objects-normal/x86_64/src.d --serialize-diagnostics /Users/Xiao/workspace/Azurender/build/CMakeFiles/CMakeTmp/CMAKE_TRY_COMPILE.build/Debug/cmTryCompileExec548693090.build/Objects-normal/x86_64/src.dia -c /Users/Xiao/workspace/Azurender/build/CMakeFiles/CMakeTmp/src.c -o /Users/Xiao/workspace/Azurender/build/CMakeFiles/CMakeTmp/CMAKE_TRY_COMPILE.build/Debug/cmTryCompileExec548693090.build/Objects-normal/x86_64/src.o
clang: error: unknown argument: '-mp' [-Wunused-command-line-argument-hard-error-in-future]
clang: note: this will be a hard error (cannot be downgraded to a warning) in the future
Command /Applications/Xcode.app/Contents/Developer/Toolchains/XcodeDefault.xctoolchain/usr/bin/clang failed with exit code 1

leDependencies.m:76
Details:  Failed to load dependencies output contents from ``/Users/Xiao/workspace/Azurender/build/CMakeFiles/CMakeTmp/CMAKE_TRY_COMPILE.build/Debug/cmTryCompileExec548693090.build/Objects-normal/x86_64/src.d''. Error: Error Domain=NSCocoaErrorDomain Code=260 "The file “src.d” couldn’t be opened because there is no such file." UserInfo=0x7f98ba4caaf0 {NSFilePath=/Users/Xiao/workspace/Azurender/build/CMakeFiles/CMakeTmp/CMAKE_TRY_COMPILE.build/Debug/cmTryCompileExec548693090.build/Objects-normal/x86_64/src.d, NSUnderlyingError=0x7f98ba4ca6a0 "The operation couldn’t be completed. No such file or directory"}. User info: {
    NSFilePath = "/Users/Xiao/workspace/Azurender/build/CMakeFiles/CMakeTmp/CMAKE_TRY_COMPILE.build/Debug/cmTryCompileExec548693090.build/Objects-normal/x86_64/src.d";
    NSUnderlyingError = "Error Domain=NSPOSIXErrorDomain Code=2 \"The operation couldn\U2019t be completed. No such file or directory\"";
}.
Function: void XCGccMakefileDependenciesParsePathsFromRuleFile(NSString *__strong, void (^__strong)(NSString *__strong))
Thread:   <NSThread: 0x7f98ba4cab30>{name = (null), num = 7}
Please file a bug at http://bugreport.apple.com with this warning message and any useful information you can provide.
** BUILD FAILED **


The following build commands failed:
	CompileC CMAKE_TRY_COMPILE.build/Debug/cmTryCompileExec548693090.build/Objects-normal/x86_64/src.o src.c normal x86_64 c com.apple.compilers.llvm.clang.1_0.compiler
(1 failure)

Source file was:

#include <omp.h>
int main() {
#ifdef _OPENMP
  return 0;
#else
  breaks_on_purpose
#endif
}

Performing C++ SOURCE FILE Test OpenMP_FLAG_DETECTED failed with the following output:
Change Dir: /Users/Xiao/workspace/Azurender/build/CMakeFiles/CMakeTmp

Run Build Command:/usr/local/Cellar/cmake/2.8.12.2/bin/cmakexbuild -project CMAKE_TRY_COMPILE.xcodeproj build -target cmTryCompileExec3448646625 -configuration Debug
=== BUILD TARGET cmTryCompileExec3448646625 OF PROJECT CMAKE_TRY_COMPILE WITH CONFIGURATION Debug ===

Check dependencies

Write auxiliary files
/bin/mkdir -p /Users/Xiao/workspace/Azurender/build/CMakeFiles/CMakeTmp/CMAKE_TRY_COMPILE.build/Debug/cmTryCompileExec3448646625.build/Objects-normal/x86_64
write-file /Users/Xiao/workspace/Azurender/build/CMakeFiles/CMakeTmp/CMAKE_TRY_COMPILE.build/Debug/cmTryCompileExec3448646625.build/Objects-normal/x86_64/cmTryCompileExec3448646625.LinkFileList

CompileC CMAKE_TRY_COMPILE.build/Debug/cmTryCompileExec3448646625.build/Objects-normal/x86_64/src.o src.cxx normal x86_64 c++ com.apple.compilers.llvm.clang.1_0.compiler
    cd /Users/Xiao/workspace/Azurender/build/CMakeFiles/CMakeTmp
    export LANG=en_US.US-ASCII
    /Applications/Xcode.app/Contents/Developer/Toolchains/XcodeDefault.xctoolchain/usr/bin/clang -x c++ -arch x86_64 -fmessage-length=0 -fdiagnostics-show-note-include-stack -fmacro-backtrace-limit=0 -Wno-trigraphs -fpascal-strings -O2 -Wno-missing-field-initia2014-07-05 20:27:10.224 xcodebuild[5298:2007lizers -Wno-missing-prototypes -Wno-return-type -Wno-non-virtual-dtor -Wno-overloaded-virtual -Wno-exit-time-destructors -Wno-missing-braces -Wparentheses -Wswitch -Wno-unused-function -Wno-unused-label -Wno-unused-parameter -Wno-unused-variable -Wunused-value -Wno-empty-body -Wno-uninitialized -Wno-unknown-pragmas -Wno-shadow -Wno-four-char-constants -Wno-conversion -Wno-constant-conversion -Wno-int-conversion -Wno-bool-conversion -Wno-enum-conversion -Wno-shorten-64-to-32 -Wno-newline-eof -Wno-c++11-extensions -DCMAKE_INTDIR=\"Debug\" -isysroot /Applications/Xcode.app/Contents/Developer/Platforms/MacOSX.platform/Developer/SDKs/MacOSX10.9.sdk -fasm-blocks -fstrict-aliasing -Wdeprecated-declarations -Winvalid-offsetof -mmacosx-version-min=10.9 -Wno-sign-conversion -I/Users/Xiao/workspace/Azurender/build/CMakeFiles/CMakeTmp/Debug/include -I/Applications/Xcode.app/Contents/Developer/Toolchains/XcodeDefault.xctoolchain/usr/include -I/Users/Xiao/workspace/Azurender/build/CMakeFiles/CMakeTmp/CMAKE_TRY_COMPILE.buil]  DVTAd/Debug/cmTryCompileExec3448646625.build/DerivedSources/x86_64 -I/Users/Xiao/workspace/Azurender/build/CMakeFiles/CMakeTmp/CMAKE_TRY_COMPILE.build/Debug/cmTryCompileExec3448646625.build/DerivedSources -Wmost -Wno-four-char-constants -Wno-unknown-pragmas -F/Users/Xiao/workspace/Azurender/build/CMakeFiles/CMakeTmp/Debug -Wall -std=c++0x -Wextra -DOpenMP_FLAG_DETECTED -g -MMD -MT dependencies -MF /Users/Xiao/workspace/Azurender/build/CMakeFiles/CMakeTmp/CMAKE_TRY_COMPILE.build/Debug/cmTryCompileExec3448646625.build/Objects-normal/x86_64/src.d --serialize-diagnostics /Users/Xiao/workspace/Azurender/build/CMakeFiles/CMakeTmp/CMAKE_TRY_COMPILE.build/Debug/cmTryCompileExec3448646625.build/Objects-normal/x86_64/src.dia -c /Users/Xiao/workspace/Azurender/build/CMakeFiles/CMakeTmp/src.cxx -o /Users/Xiao/workspace/Azurender/build/CMakeFiles/CMakeTmp/CMAKE_TRY_COMPILE.build/Debug/cmTryCompileExec3448646625.build/Objects-normal/x86_64/src.o
/Users/Xiao/workspace/Azurender/build/CMakeFiles/CMakeTmp/src.cxx:2:10: fatal errossertior: 'omp.h' file not found
#include <omp.h>
         ^
1 error generated.

ns: Warning in /SourceCache/IDEXcode3ProjectSupport/IDEXcode3ProjectSupport-5069/Xcode3Core/LegacyProjects/Frameworks/DevToolsCore/DevToolsCore/SpecificationTypes/BuiltInSpecifications/Compilers/XCGccMakefileDependencies.m:76
Details:  Failed to load dependencies output contents from ``/Users/Xiao/workspace/Azurender/build/CMakeFiles/CMakeTmp/CMAKE_TRY_COMPILE.build/Debug/cmTryCompileExec3448646625.build/Objects-normal/x86_64/src.d''. Error: Error Domain=NSCocoaErrorDomain Code=260 "The file “src.d” couldn’t be opened because there is no such file." UserInfo=0x7fa85e494530 {NSFilePath=/Users/Xiao/workspace/Azurender/build/CMakeFiles/CMakeTmp/CMAKE_TRY_COMPILE.build/Debug/cmTryCompileExec3448646625.build/Objects-normal/x86_64/src.d, NSUnderlyingError=0x7fa85e4a8f70 "The operation couldn’t be completed. No such file or directory"}. User info: {
    NSFilePath = "/Users/Xiao/workspace/Azurender/build/CMakeFiles/CMakeTmp/CMAKE_TRY_COMPILE.build/Debug/cmTryCompileExec3448646625.build/Objects-normal/x86_64/src.d";
    NSUnderlyingError = "Error Domain=NSPOSIXErrorDomain Code=2 \"The operation couldn\U2019t be completed. No such file or directory\"";
}.
Function: void XCGccMakefileDependenciesParsePathsFromRuleFile(NSString *__strong, void (^__strong)(NSString *__strong))
Thread:   <NSThread: 0x7fa85e4a9000>{name = (null), num = 7}
Please file a bug at http://bugreport.apple.com with this warning message and any useful information you can provide.
** BUILD FAILED **


The following build commands failed:
	CompileC CMAKE_TRY_COMPILE.build/Debug/cmTryCompileExec3448646625.build/Objects-normal/x86_64/src.o src.cxx normal x86_64 c++ com.apple.compilers.llvm.clang.1_0.compiler
(1 failure)

Source file was:

#include <omp.h>
int main() {
#ifdef _OPENMP
  return 0;
#else
  breaks_on_purpose
#endif
}

Performing C++ SOURCE FILE Test OpenMP_FLAG_DETECTED failed with the following output:
Change Dir: /Users/Xiao/workspace/Azurender/build/CMakeFiles/CMakeTmp

Run Build Command:/usr/local/Cellar/cmake/2.8.12.2/bin/cmakexbuild -project CMAKE_TRY_COMPILE.xcodeproj build -target cmTryCompileExec1272926902 -configuration Debug
=== BUILD TARGET cmTryCompileExec1272926902 OF PROJECT CMAKE_TRY_COMPILE WITH CONFIGURATION Debug ===

Check dependencies

Write auxiliary files
/bin/mkdir -p /Users/Xiao/workspace/Azurender/build/CMakeFiles/CMakeTmp/CMAKE_TRY_COMPILE.build/Debug/cmTryCompileExec1272926902.build/Objects-normal/x86_64
write-file /Users/Xiao/workspace/Azurender/build/CMakeFiles/CMakeTmp/CMAKE_TRY_COMPILE.build/Debug/cmTryCompileExec1272926902.build/Objects-normal/x86_64/cmTryCompileExec1272926902.LinkFileList

CompileC CMAKE_TRY_COMPILE.build/Debug/cmTryCompileExec1272926902.build/Objects-normal/x86_64/src.o src.cxx normal x86_64 c++ com.apple.compilers.llvm.clang.1_0.compiler
    cd /Users/Xiao/workspace/Azurender/build/CMakeFiles/CMakeTmp
    export LANG=en_US.US-ASCII
    /Applications/Xcode.app/Contents/Developer/Toolchains/XcodeDefault.xctoolchain/usr/bin/clang -x c++ -arch x86_64 -fmessage-length=0 -fdiagnostics-show-note-include-stack -fmacro-backtrace-limit=0 -Wno-trigraphs -fpascal-strings -O2 -Wno-missing-field-initia2014-07-05 20:27:10.597 xcodebuillizers -Wno-missing-prototypes -Wno-return-type -Wno-non-virtual-dtor -Wno-overloaded-virtual -Wno-exit-time-destructors -Wno-missing-braces -Wparentheses -Wswitch -Wno-unused-function -Wno-unused-label -Wno-unused-parameter -Wno-unused-variable -Wunused-value -Wno-empty-body -Wno-uninitialized -Wno-unknown-pragmas -Wno-shadow -Wno-four-char-constants -Wno-conversion -Wno-constant-conversion -Wno-int-conversion -Wno-bool-conversion -Wno-enum-conversion -Wno-shorten-64-to-32 -Wno-newline-eof -Wno-c++11-extensions -DCMAKE_INTDIR=\"Debug\" -isysroot /Applications/Xcode.app/Contents/Developer/Platforms/MacOSX.platform/Developer/SDKs/MacOSX10.9.sdk -fasm-blocks -fstrict-aliasing -Wdeprecated-declarations -Winvalid-offsetof -mmacosx-version-min=10.9 -Wno-sign-conversion -I/Users/Xiao/workspace/Azurender/build/CMakeFiles/CMakeTmp/Debug/include -I/Applications/Xcode.app/Contents/Developer/Toolchains/XcodeDefault.xctoolchain/usr/include -I/Users/Xiao/workspace/Azurender/build/CMakeFiles/CMakeTmp/CMAKE_TRY_COMPILE.build/Debug/cmTryCompileExec1272926902.build/DerivedSources/x86_64 -I/Users/Xiao/workspace/Azurender/build/CMakeFiles/CMakeTmp/CMAKE_TRY_COMPILE.build/Debug/cmTryCompileExec1272926902.build/DerivedSources -Wmost -Wno-four-char-constants -Wno-unknown-pragmas -F/Users/Xiao/workspace/Azurender/build/CMakeFiles/CMakeTmp/Debug -Wall -std=c++0x -Wextra -DOpenMP_FLAG_DETECTED -fopenmp -g -MMD -MT dependencies -MF /Users/Xiao/workspace/Azurender/build/CMakeFiles/CMakeTmp/CMAKE_TRY_COMPILE.build/Debug/cmTryCompileExec1272926902.build/Objects-normal/x86_64/src.d --serialize-diagnostics /Users/Xiao/workspace/Azurender/build/CMakeFiles/CMakeTmp/CMAKE_TRY_COMPILE.build/Debug/cmTryCompileExec1272926902.build/Objects-normal/x86_64/src.dia -c /Users/Xiao/workspace/Azurender/build/CMakeFiles/CMakeTmp/src.cxx -o /Users/Xiao/workspace/Azurender/build/CMakeFiles/CMakeTmp/CMAKE_TRY_COMPILE.build/Debug/cmTryCompileExec1272926902.build/Objects-normal/x86_64/src.o
clang: warning: argument unused during compilation: '-fopenmp'
/Users/Xiad[5311:30o/workspace/Azurender/build/CMakeFiles/CMakeTmp/src.cxx:2:10: fatal error: 'omp.h' file not found
#include <omp.h>
         ^
1 error generated.

b]  DVTAssertions: Warning in /SourceCache/IDEXcode3ProjectSupport/IDEXcode3ProjectSupport-5069/Xcode3Core/LegacyProjects/Frameworks/DevToolsCore/DevToolsCore/SpecificationTypes/BuiltInSpecifications/Compilers/XCGccMakefileDependencies.m:76
Details:  Failed to load dependencies output contents from ``/Users/Xiao/workspace/Azurender/build/CMakeFiles/CMakeTmp/CMAKE_TRY_COMPILE.build/Debug/cmTryCompileExec1272926902.build/Objects-normal/x86_64/src.d''. Error: Error Domain=NSCocoaErrorDomain Code=260 "The file “src.d” couldn’t be opened because there is no such file." UserInfo=0x7fa12ca427f0 {NSFilePath=/Users/Xiao/workspace/Azurender/build/CMakeFiles/CMakeTmp/CMAKE_TRY_COMPILE.build/Debug/cmTryCompileExec1272926902.build/Objects-normal/x86_64/src.d, NSUnderlyingError=0x7fa12ca42760 "The operation couldn’t be completed. No such file or directory"}. User info: {
    NSFilePath = "/Users/Xiao/workspace/Azurender/build/CMakeFiles/CMakeTmp/CMAKE_TRY_COMPILE.build/Debug/cmTryCompileExec1272926902.build/Objects-normal/x86_64/src.d";
    NSUnderlyingError = "Error Domain=NSPOSIXErrorDomain Code=2 \"The operation couldn\U2019t be completed. No such file or directory\"";
}.
Function: void XCGccMakefileDependenciesParsePathsFromRuleFile(NSString *__strong, void (^__strong)(NSString *__strong))
Thread:   <NSThread: 0x7fa12ca6b760>{name = (null), num = 7}
Please file a bug at http://bugreport.apple.com with this warning message and any useful information you can provide.
** BUILD FAILED **


The following build commands failed:
	CompileC CMAKE_TRY_COMPILE.build/Debug/cmTryCompileExec1272926902.build/Objects-normal/x86_64/src.o src.cxx normal x86_64 c++ com.apple.compilers.llvm.clang.1_0.compiler
(1 failure)

Source file was:

#include <omp.h>
int main() {
#ifdef _OPENMP
  return 0;
#else
  breaks_on_purpose
#endif
}

Performing C++ SOURCE FILE Test OpenMP_FLAG_DETECTED failed with the following output:
Change Dir: /Users/Xiao/workspace/Azurender/build/CMakeFiles/CMakeTmp

Run Build Command:/usr/local/Cellar/cmake/2.8.12.2/bin/cmakexbuild -project CMAKE_TRY_COMPILE.xcodeproj build -target cmTryCompileExec741975892 -configuration Debug
=== BUILD TARGET cmTryCompileExec741975892 OF PROJECT CMAKE_TRY_COMPILE WITH CONFIGURATION Debug ===

Check dependencies

Write auxiliary files
/bin/mkdir -p /Users/Xiao/workspace/Azurender/build/CMakeFiles/CMakeTmp/CMAKE_TRY_COMPILE.build/Debug/cmTryCompileExec741975892.build/Objects-normal/x86_64
write-file /Users/Xiao/workspace/Azurender/build/CMakeFiles/CMakeTmp/CMAKE_TRY_COMPILE.build/Debug/cmTryCompileExec741975892.build/Objects-normal/x86_64/cmTryCompileExec741975892.LinkFileList

CompileC CMAKE_TRY_COMPILE.build/Debug/cmTryCompileExec741975892.build/Objects-normal/x86_64/src.o src.cxx normal x86_64 c++ com.apple.compilers.llvm.clang.1_0.compiler
    cd /Users/Xiao/workspace/Azurender/build/CMakeFiles/CMakeTmp
    export LANG=en_US.US-ASCII
    /Applications/Xcode.app/Contents/Developer/Toolchains/XcodeDefault.xctoolchain/usr/bin/clang -x c++ -arch x86_64 -fmessage-length=0 -fdiagnostics-show-note-include-stack -fmacro-backtrace-limit=0 -Wno-trigraphs -fpascal-strings -O2 -Wno-missing-field-initializer2014-07-05 20:27:10.961 xcos -Wno-missing-prototypes -Wno-return-type -Wno-non-virtual-dtor -Wno-overloaded-virtual -Wno-exit-time-destructors -Wno-missing-braces -Wparentheses -Wswitch -Wno-unused-function -Wno-unused-label -Wno-unused-parameter -Wno-unused-variable -Wunused-value -Wno-empty-body -Wno-uninitialized -Wno-unknown-pragmas -Wno-shadow -Wno-four-char-constants -Wno-conversion -Wno-constant-conversion -Wno-int-conversion -Wno-bool-conversion -Wno-enum-conversion -Wno-shorten-64-to-32 -Wno-newline-eof -Wno-c++11-extensions -DCMAKE_INTDIR=\"Debug\" -isysroot /Applications/Xcode.app/Contents/Developer/Platforms/MacOSX.platform/Developer/SDKs/MacOSX10.9.sdk -fasm-blocks -fstrict-aliasing -Wdeprecated-declarations -Winvalid-offsetof -mmacosx-version-min=10.9 -Wno-sign-conversion -I/Users/Xiao/workspace/Azurender/build/CMakeFiles/CMakeTmp/Debug/include -I/Applications/Xcode.app/Contents/Developer/Toolchains/XcodeDefault.xctoolchain/usr/include -I/Users/Xiao/workspace/Azurender/build/CMakeFiles/CMakeTmp/CMAKE_TRY_COMPILE.build/Debdebuild[5324:30b]  DVTAsseug/cmTryCompileExec741975892.build/DerivedSources/x86_64 -I/Users/Xiao/workspace/Azurender/build/CMakeFiles/CMakeTmp/CMAKE_TRY_COMPILE.build/Debug/cmTryCompileExec741975892.build/DerivedSources -Wmost -Wno-four-char-constants -Wno-unknown-pragmas -F/Users/Xiao/workspace/Azurender/build/CMakeFiles/CMakeTmp/Debug -Wall -std=c++0x -Wextra -DOpenMP_FLAG_DETECTED /openmp -g -MMD -MT dependencies -MF /Users/Xiao/workspace/Azurender/build/CMakeFiles/CMakeTmp/CMAKE_TRY_COMPILE.build/Debug/cmTryCompileExec741975892.build/Objects-normal/x86_64/src.d --serialize-diagnostics /Users/Xiao/workspace/Azurender/build/CMakeFiles/CMakeTmp/CMAKE_TRY_COMPILE.build/Debug/cmTryCompileExec741975892.build/Objects-normal/x86_64/src.dia -c /Users/Xiao/workspace/Azurender/build/CMakeFiles/CMakeTmp/src.cxx -o /Users/Xiao/workspace/Azurender/build/CMakeFiles/CMakeTmp/CMAKE_TRY_COMPILE.build/Debug/cmTryCompileExec741975892.build/Objects-normal/x86_64/src.o
clang: error: no such file or directory: '/openmp'
Command /Applications/Xcode.app/Crtions: Warning in /SourceCache/IDEXcode3ProjectSupport/IDEXcode3Proontents/Developer/Toolchains/XcodeDefault.xctoolchain/usr/bin/clang failed with exit code 1

jectSupport-5069/Xcode3Core/LegacyProjects/Frameworks/DevToolsCore/DevToolsCore/SpecificationTypes/BuiltInSpecifications/Compilers/XCGccMakefileDependencies.m:76
Details:  Failed to load dependencies output contents from ``/Users/Xiao/workspace/Azurender/build/CMakeFiles/CMakeTmp/CMAKE_TRY_COMPILE.build/Debug/cmTryCompileExec741975892.build/Objects-normal/x86_64/src.d''. Error: Error Domain=NSCocoaErrorDomain Code=260 "The file “src.d” couldn’t be opened because there is no such file." UserInfo=0x7fdbc61eb200 {NSFilePath=/Users/Xiao/workspace/Azurender/build/CMakeFiles/CMakeTmp/CMAKE_TRY_COMPILE.build/Debug/cmTryCompileExec741975892.build/Objects-normal/x86_64/src.d, NSUnderlyingError=0x7fdbc61bde70 "The operation couldn’t be completed. No such file or directory"}. User info: {
    NSFilePath = "/Users/Xiao/workspace/Azurender/build/CMakeFiles/CMakeTmp/CMAKE_TRY_COMPILE.build/Debug/cmTryCompileExec741975892.build/Objects-normal/x86_64/src.d";
    NSUnderlyingError = "Error Domain=NSPOSIXErrorDomain Code=2 \"The operation couldn\U2019t be completed. No such file or directory\"";
}.
Function: void XCGccMakefileDependenciesParsePathsFromRuleFile(NSString *__strong, void (^__strong)(NSString *__strong))
Thread:   <NSThread: 0x7fdbc640ef10>{name = (null), num = 7}
Please file a bug at http://bugreport.apple.com with this warning message and any useful information you can provide.
** BUILD FAILED **


The following build commands failed:
	CompileC CMAKE_TRY_COMPILE.build/Debug/cmTryCompileExec741975892.build/Objects-normal/x86_64/src.o src.cxx normal x86_64 c++ com.apple.compilers.llvm.clang.1_0.compiler
(1 failure)

Source file was:

#include <omp.h>
int main() {
#ifdef _OPENMP
  return 0;
#else
  breaks_on_purpose
#endif
}

Performing C++ SOURCE FILE Test OpenMP_FLAG_DETECTED failed with the following output:
Change Dir: /Users/Xiao/workspace/Azurender/build/CMakeFiles/CMakeTmp

Run Build Command:/usr/local/Cellar/cmake/2.8.12.2/bin/cmakexbuild -project CMAKE_TRY_COMPILE.xcodeproj build -target cmTryCompileExec3163635347 -configuration Debug
=== BUILD TARGET cmTryCompileExec3163635347 OF PROJECT CMAKE_TRY_COMPILE WITH CONFIGURATION Debug ===

Check dependencies

Write auxiliary files
/bin/mkdir -p /Users/Xiao/workspace/Azurender/build/CMakeFiles/CMakeTmp/CMAKE_TRY_COMPILE.build/Debug/cmTryCompileExec3163635347.build/Objects-normal/x86_64
write-file /Users/Xiao/workspace/Azurender/build/CMakeFiles/CMakeTmp/CMAKE_TRY_COMPILE.build/Debug/cmTryCompileExec3163635347.build/Objects-normal/x86_64/cmTryCompileExec3163635347.LinkFileList

CompileC CMAKE_TRY_COMPILE.build/Debug/cmTryCompileExec3163635347.build/Objects-normal/x86_64/src.o src.cxx normal x86_64 c++ com.apple.compilers.llvm.clang.1_0.compiler
    cd /Users/Xiao/workspace/Azurender/build/CMakeFiles/CMakeTmp
    export LANG=en_US.US-ASCII
    /Applications/Xcode.app/Contents/Developer/Toolchains/XcodeDefault.xctoolchain/usr/bin/clang -x c++ -arch x86_64 -fmessage-length=0 -fdiagnostics-show-note-include-stack -fmacro-backtrace-limit=0 -Wno-trigraphs -fpascal-strings -O2 -Wno-missing-field-initia2014-07-05 20:27:11.325 xcodebuild[5336:30b]  DVTAssertions: Warning in /SourceCache/IDEXcode3ProjectSupport/IDEXcode3ProjectSupport-5069/Xcode3Core/LegacyProjects/Frameworks/DevToolsColizers -Wno-missing-prototypes -Wno-return-type -Wno-non-virtual-dtor -Wno-overloaded-virtual -Wno-exit-time-destructors -Wno-missing-braces -Wparentheses -Wswitch -Wno-unused-function -Wno-unused-label -Wno-unused-parameter -Wno-unused-variable -Wunused-value -Wno-empty-body -Wno-uninitialized -Wno-unknown-pragmas -Wno-shadow -Wno-four-char-constants -Wno-conversion -Wno-constant-conversion -Wno-int-conversion -Wno-bool-conversion -Wno-enum-conversion -Wno-shorten-64-to-32 -Wno-newline-eof -Wno-c++11-extensions -DCMAKE_INTDIR=\"Debug\" -isysroot /Applications/Xcode.app/Contents/Developer/Platforms/MacOSX.platform/Developer/SDKs/MacOSX10.9.sdk -fasm-blocks -fstrict-aliasing -Wdeprecated-declarations -Winvalid-offsetof -mmacosx-version-min=10.9 -Wno-sign-conversion -I/Users/Xiao/workspace/Azurender/build/CMakeFiles/CMakeTmp/Debug/include -I/Applications/Xcode.app/Contents/Developer/Toolchains/XcodeDefault.xctoolchain/usr/include -I/Users/Xiao/workspace/Azurender/build/CMakeFiles/CMakeTmp/CMAKE_TRY_COMPILE.builre/DevToolsCore/Sd/Debug/cmTryCompileExec3163635347.build/DerivedSources/x86_64 -I/Users/Xiao/workspace/Azurender/build/CMakeFiles/CMakeTmp/CMAKE_TRY_COMPILE.build/Debug/cmTryCompileExec3163635347.build/DerivedSources -Wmost -Wno-four-char-constants -Wno-unknown-pragmas -F/Users/Xiao/workspace/Azurender/build/CMakeFiles/CMakeTmp/Debug -Wall -std=c++0x -Wextra -DOpenMP_FLAG_DETECTED -Qopenmp -g -MMD -MT dependencies -MF /Users/Xiao/workspace/Azurender/build/CMakeFiles/CMakeTmp/CMAKE_TRY_COMPILE.build/Debug/cmTryCompileExec3163635347.build/Objects-normal/x86_64/src.d --serialize-diagnostics /Users/Xiao/workspace/Azurender/build/CMakeFiles/CMakeTmp/CMAKE_TRY_COMPILE.build/Debug/cmTryCompileExec3163635347.build/Objects-normal/x86_64/src.dia -c /Users/Xiao/workspace/Azurender/build/CMakeFiles/CMakeTmp/src.cxx -o /Users/Xiao/workspace/Azurender/build/CMakeFiles/CMakeTmp/CMAKE_TRY_COMPILE.build/Debug/cmTryCompileExec3163635347.build/Objects-normal/x86_64/src.o
clang: error: unknown argument: '-Qopenmp' [-Wunused-command-line-argumenpecificationTypes/BuiltInSt-hard-error-in-future]
clang: note: this will be a hard error (cannot be downgraded to a warning) in the future
Command /Applications/Xcode.app/Contents/Developer/Toolchains/XcodeDefault.xctoolchain/usr/bin/clang failed with exit code 1

pecifications/Compilers/XCGccMakefileDependencies.m:76
Details:  Failed to load dependencies output contents from ``/Users/Xiao/workspace/Azurender/build/CMakeFiles/CMakeTmp/CMAKE_TRY_COMPILE.build/Debug/cmTryCompileExec3163635347.build/Objects-normal/x86_64/src.d''. Error: Error Domain=NSCocoaErrorDomain Code=260 "The file “src.d” couldn’t be opened because there is no such file." UserInfo=0x7f900a45e2d0 {NSFilePath=/Users/Xiao/workspace/Azurender/build/CMakeFiles/CMakeTmp/CMAKE_TRY_COMPILE.build/Debug/cmTryCompileExec3163635347.build/Objects-normal/x86_64/src.d, NSUnderlyingError=0x7f900a45ed30 "The operation couldn’t be completed. No such file or directory"}. User info: {
    NSFilePath = "/Users/Xiao/workspace/Azurender/build/CMakeFiles/CMakeTmp/CMAKE_TRY_COMPILE.build/Debug/cmTryCompileExec3163635347.build/Objects-normal/x86_64/src.d";
    NSUnderlyingError = "Error Domain=NSPOSIXErrorDomain Code=2 \"The operation couldn\U2019t be completed. No such file or directory\"";
}.
Function: void XCGccMakefileDependenciesParsePathsFromRuleFile(NSString *__strong, void (^__strong)(NSString *__strong))
Thread:   <NSThread: 0x7f900a45f1a0>{name = (null), num = 7}
Please file a bug at http://bugreport.apple.com with this warning message and any useful information you can provide.
** BUILD FAILED **


The following build commands failed:
	CompileC CMAKE_TRY_COMPILE.build/Debug/cmTryCompileExec3163635347.build/Objects-normal/x86_64/src.o src.cxx normal x86_64 c++ com.apple.compilers.llvm.clang.1_0.compiler
(1 failure)

Source file was:

#include <omp.h>
int main() {
#ifdef _OPENMP
  return 0;
#else
  breaks_on_purpose
#endif
}

Performing C++ SOURCE FILE Test OpenMP_FLAG_DETECTED failed with the following output:
Change Dir: /Users/Xiao/workspace/Azurender/build/CMakeFiles/CMakeTmp

Run Build Command:/usr/local/Cellar/cmake/2.8.12.2/bin/cmakexbuild -project CMAKE_TRY_COMPILE.xcodeproj build -target cmTryCompileExec2755949853 -configuration Debug
=== BUILD TARGET cmTryCompileExec2755949853 OF PROJECT CMAKE_TRY_COMPILE WITH CONFIGURATION Debug ===

Check dependencies

Write auxiliary files
/bin/mkdir -p /Users/Xiao/workspace/Azurender/build/CMakeFiles/CMakeTmp/CMAKE_TRY_COMPILE.build/Debug/cmTryCompileExec2755949853.build/Objects-normal/x86_64
write-file /Users/Xiao/workspace/Azurender/build/CMakeFiles/CMakeTmp/CMAKE_TRY_COMPILE.build/Debug/cmTryCompileExec2755949853.build/Objects-normal/x86_64/cmTryCompileExec2755949853.LinkFileList

CompileC CMAKE_TRY_COMPILE.build/Debug/cmTryCompileExec2755949853.build/Objects-normal/x86_64/src.o src.cxx normal x86_64 c++ com.apple.compilers.llvm.clang.1_0.compiler
    cd /Users/Xiao/workspace/Azurender/build/CMakeFiles/CMakeTmp
    export LANG=en_US.US-ASCII
    /Applications/Xcode.app/Contents/Developer/Toolchains/XcodeDefault.xctoolchain/usr/bin/clang -x c++ -arch x86_64 -fmessage-length=0 -fdiagnostics-show-note-include-stack -fmacro-backtrace-limit=0 -Wno-trigraphs -fpascal-strings -O2 -Wno-missing-field-initia2014-07-05 20:27:11.714 xcodlizers -Wno-missing-prototypes -Wno-return-type -Wno-non-virtual-dtor -Wno-overloaded-virtual -Wno-exit-time-destructors -Wno-missing-braces -Wparentheses -Wswitch -Wno-unused-function -Wno-unused-label -Wno-unused-parameter -Wno-unused-variable -Wunused-value -Wno-empty-body -Wno-uninitialized -Wno-unknown-pragmas -Wno-shadow -Wno-four-char-constants -Wno-conversion -Wno-constant-conversion -Wno-int-conversion -Wno-bool-conversion -Wno-enum-conversion -Wno-shorten-64-to-32 -Wno-newline-eof -Wno-c++11-extensions -DCMAKE_INTDIR=\"Debug\" -isysroot /Applications/Xcode.app/Contents/Developer/Platforms/MacOSX.platform/Developer/SDKs/MacOSX10.9.sdk -fasm-blocks -fstrict-aliasing -Wdeprecated-declarations -Winvalid-offsetof -mmacosx-version-min=10.9 -Wno-sign-conversion -I/Users/Xiao/workspace/Azurender/build/CMakeFiles/CMakeTmp/Debug/include -I/Applications/Xcode.app/Contents/Developer/Toolchains/XcodeDefault.xctoolchain/usr/include -I/Users/Xiao/workspace/Azurender/build/CMakeFiles/CMakeTmp/CMAKE_TRY_COMPILE.build/Debug/cmTryCompileExec2755949853.build/DerivedSources/x86_64 -I/Users/Xiao/workspace/Azurender/build/CMakeFiles/CMakeTmp/CMAKE_TRY_COMPILE.build/Debug/cmTryCompileExec2755949853.build/DerivedSources -Wmost -Wno-four-char-constants -Wno-unknown-pragmas -F/Users/Xiao/workspace/Azurender/build/CMakeFiles/CMakeTmp/Debug -Wall -std=c++0x -Wextra -DOpenMP_FLAG_DETECTED -openmp -g -MMD -MT dependencies -MF /Users/Xiao/workspace/Azurender/build/CMakeFiles/CMakeTmp/CMAKE_TRY_COMPILE.build/Debug/cmTryCompileExec2755949853.build/Objects-normal/x86_64/src.d --serialize-diagnostics /Users/Xiao/workspace/Azurender/build/CMakeFiles/CMakeTmp/CMAKE_TRY_COMPILE.build/Debug/cmTryCompileExec2755949853.build/Objects-normal/x86_64/src.dia -c /Users/Xiao/workspace/Azurender/build/CMakeFiles/CMakeTmp/src.cxx -o /Users/Xiao/workspace/Azurender/build/CMakeFiles/CMakeTmp/CMAKE_TRY_COMPILE.build/Debug/cmTryCompileExec2755949853.build/Objects-normal/x86_64/src.o
/Users/Xiao/workspace/Azurender/build/CMakeFiles/CMakeTmp/src.cxx:2:10: faebuild[5348:2007]tal error: 'omp.h' file not found
#include <omp.h>
         ^
1 error generated.

  DVTAssertions: Warning in /SourceCache/IDEXcode3ProjectSupport/IDEXcode3ProjectSupport-5069/Xcode3Core/LegacyProjects/Frameworks/DevToolsCore/DevToolsCore/SpecificationTypes/BuiltInSpecifications/Compilers/XCGccMakefileDependencies.m:76
Details:  Failed to load dependencies output contents from ``/Users/Xiao/workspace/Azurender/build/CMakeFiles/CMakeTmp/CMAKE_TRY_COMPILE.build/Debug/cmTryCompileExec2755949853.build/Objects-normal/x86_64/src.d''. Error: Error Domain=NSCocoaErrorDomain Code=260 "The file “src.d” couldn’t be opened because there is no such file." UserInfo=0x7ff3a3333ef0 {NSFilePath=/Users/Xiao/workspace/Azurender/build/CMakeFiles/CMakeTmp/CMAKE_TRY_COMPILE.build/Debug/cmTryCompileExec2755949853.build/Objects-normal/x86_64/src.d, NSUnderlyingError=0x7ff3a320b690 "The operation couldn’t be completed. No such file or directory"}. User info: {
    NSFilePath = "/Users/Xiao/workspace/Azurender/build/CMakeFiles/CMakeTmp/CMAKE_TRY_COMPILE.build/Debug/cmTryCompileExec2755949853.build/Objects-normal/x86_64/src.d";
    NSUnderlyingError = "Error Domain=NSPOSIXErrorDomain Code=2 \"The operation couldn\U2019t be completed. No such file or directory\"";
}.
Function: void XCGccMakefileDependenciesParsePathsFromRuleFile(NSString *__strong, void (^__strong)(NSString *__strong))
Thread:   <NSThread: 0x7ff3a3339ab0>{name = (null), num = 7}
Please file a bug at http://bugreport.apple.com with this warning message and any useful information you can provide.
** BUILD FAILED **


The following build commands failed:
	CompileC CMAKE_TRY_COMPILE.build/Debug/cmTryCompileExec2755949853.build/Objects-normal/x86_64/src.o src.cxx normal x86_64 c++ com.apple.compilers.llvm.clang.1_0.compiler
(1 failure)

Source file was:

#include <omp.h>
int main() {
#ifdef _OPENMP
  return 0;
#else
  breaks_on_purpose
#endif
}

Performing C++ SOURCE FILE Test OpenMP_FLAG_DETECTED failed with the following output:
Change Dir: /Users/Xiao/workspace/Azurender/build/CMakeFiles/CMakeTmp

Run Build Command:/usr/local/Cellar/cmake/2.8.12.2/bin/cmakexbuild -project CMAKE_TRY_COMPILE.xcodeproj build -target cmTryCompileExec3139595623 -configuration Debug
=== BUILD TARGET cmTryCompileExec3139595623 OF PROJECT CMAKE_TRY_COMPILE WITH CONFIGURATION Debug ===

Check dependencies

Write auxiliary files
/bin/mkdir -p /Users/Xiao/workspace/Azurender/build/CMakeFiles/CMakeTmp/CMAKE_TRY_COMPILE.build/Debug/cmTryCompileExec3139595623.build/Objects-normal/x86_64
write-file /Users/Xiao/workspace/Azurender/build/CMakeFiles/CMakeTmp/CMAKE_TRY_COMPILE.build/Debug/cmTryCompileExec3139595623.build/Objects-normal/x86_64/cmTryCompileExec3139595623.LinkFileList

CompileC CMAKE_TRY_COMPILE.build/Debug/cmTryCompileExec3139595623.build/Objects-normal/x86_64/src.o src.cxx normal x86_64 c++ com.apple.compilers.llvm.clang.1_0.compiler
    cd /Users/Xiao/workspace/Azurender/build/CMakeFiles/CMakeTmp
    export LANG=en_US.US-ASCII
    /Applications/Xcode.app/Contents/Developer/Toolchains/XcodeDefault.xctoolchain/usr/bin/clang -x c++ -arch x86_64 -fmessage-length=0 -fdiagnostics-show-note-include-stack -fmacro-backtrace-limit=0 -Wno-trigraphs -fpascal-strings -O2 -Wno-missing-field-initia2014-07-05 20:27:12.090 xcodebuild[5361:2007]  DVTAssertlizers -Wno-missing-prototypes -Wno-return-type -Wno-non-virtual-dtor -Wno-overloaded-virtual -Wno-exit-time-destructors -Wno-missing-braces -Wparentheses -Wswitch -Wno-unused-function -Wno-unused-label -Wno-unused-parameter -Wno-unused-variable -Wunused-value -Wno-empty-body -Wno-uninitialized -Wno-unknown-pragmas -Wno-shadow -Wno-four-char-constants -Wno-conversion -Wno-constant-conversion -Wno-int-conversion -Wno-bool-conversion -Wno-enum-conversion -Wno-shorten-64-to-32 -Wno-newline-eof -Wno-c++11-extensions -DCMAKE_INTDIR=\"Debug\" -isysroot /Applications/Xcode.app/Contents/Developer/Platforms/MacOSX.platform/Developer/SDKs/MacOSX10.9.sdk -fasm-blocks -fstrict-aliasing -Wdeprecated-declarations -Winvalid-offsetof -mmacosx-version-min=10.9 -Wno-sign-conversion -I/Users/Xiao/workspace/Azurender/build/CMakeFiles/CMakeTmp/Debug/include -I/Applications/Xcode.app/Contents/Developer/Toolchains/XcodeDefault.xctoolchain/usr/include -I/Users/Xiao/workspace/Azurender/build/CMakeFiles/CMakeTmp/CMAKE_TRY_COMPILE.build/Debug/cmTryCompileExec3139595623.build/DerivedSources/x86_64 -I/Users/Xiao/workspace/Azurender/build/CMakeFiles/CMakeTmp/CMAKE_TRY_COMPILE.build/Debug/cmTryCompileExec3139595623.build/DerivedSources -Wmost -Wno-four-char-constants -Wno-unknown-pragmas -F/Users/Xiao/workspace/Azurender/build/CMakeFiles/CMakeTmp/Debug -Wall -std=c++0x -Wextra -DOpenMP_FLAG_DETECTED -xopenmp -g -MMD -MT dependencies -MF /Users/Xiao/workspace/Azurender/build/CMakeFiles/CMakeTmp/CMAKE_TRY_COMPILE.build/Debug/cmTryCompileExec3139595623.build/Objects-normal/x86_64/src.d --serialize-diagnostics /Users/Xiao/workspace/Azurender/build/CMakeFiles/CMakeTmp/CMAKE_TRY_COMPILE.build/Debug/cmTryCompileExec3139595623.build/Objects-normal/x86_64/src.dia -c /Users/Xiao/workspace/Azurender/build/CMakeFiles/CMakeTmp/src.cxx -o /Users/Xiao/workspace/Azurender/build/CMakeFiles/CMakeTmp/CMAKE_TRY_COMPILE.build/Debug/cmTryCompileExec3139595623.build/Objects-normal/x86_64/src.o
clang: error: language not recognized: 'openmp'
clang: warning: /Users/Xiions: Warao/workspace/Azurender/build/CMakeFiles/CMakeTmp/src.cxx: 'linker' input unused
Command /Applications/Xcode.app/Contents/Developer/Toolchains/XcodeDefault.xctoolchain/usr/bin/clang failed with exit code 1

ning in /SourceCache/IDEXcode3ProjectSupport/IDEXcode3ProjectSupport-5069/Xcode3Core/LegacyProjects/Frameworks/DevToolsCore/DevToolsCore/SpecificationTypes/BuiltInSpecifications/Compilers/XCGccMakefileDependencies.m:76
Details:  Failed to load dependencies output contents from ``/Users/Xiao/workspace/Azurender/build/CMakeFiles/CMakeTmp/CMAKE_TRY_COMPILE.build/Debug/cmTryCompileExec3139595623.build/Objects-normal/x86_64/src.d''. Error: Error Domain=NSCocoaErrorDomain Code=260 "The file “src.d” couldn’t be opened because there is no such file." UserInfo=0x7ff471d0f240 {NSFilePath=/Users/Xiao/workspace/Azurender/build/CMakeFiles/CMakeTmp/CMAKE_TRY_COMPILE.build/Debug/cmTryCompileExec3139595623.build/Objects-normal/x86_64/src.d, NSUnderlyingError=0x7ff471d084d0 "The operation couldn’t be completed. No such file or directory"}. User info: {
    NSFilePath = "/Users/Xiao/workspace/Azurender/build/CMakeFiles/CMakeTmp/CMAKE_TRY_COMPILE.build/Debug/cmTryCompileExec3139595623.build/Objects-normal/x86_64/src.d";
    NSUnderlyingError = "Error Domain=NSPOSIXErrorDomain Code=2 \"The operation couldn\U2019t be completed. No such file or directory\"";
}.
Function: void XCGccMakefileDependenciesParsePathsFromRuleFile(NSString *__strong, void (^__strong)(NSString *__strong))
Thread:   <NSThread: 0x7ff4742a3cb0>{name = (null), num = 7}
Please file a bug at http://bugreport.apple.com with this warning message and any useful information you can provide.
** BUILD FAILED **


The following build commands failed:
	CompileC CMAKE_TRY_COMPILE.build/Debug/cmTryCompileExec3139595623.build/Objects-normal/x86_64/src.o src.cxx normal x86_64 c++ com.apple.compilers.llvm.clang.1_0.compiler
(1 failure)

Source file was:

#include <omp.h>
int main() {
#ifdef _OPENMP
  return 0;
#else
  breaks_on_purpose
#endif
}

Performing C++ SOURCE FILE Test OpenMP_FLAG_DETECTED failed with the following output:
Change Dir: /Users/Xiao/workspace/Azurender/build/CMakeFiles/CMakeTmp

Run Build Command:/usr/local/Cellar/cmake/2.8.12.2/bin/cmakexbuild -project CMAKE_TRY_COMPILE.xcodeproj build -target cmTryCompileExec2283793469 -configuration Debug
=== BUILD TARGET cmTryCompileExec2283793469 OF PROJECT CMAKE_TRY_COMPILE WITH CONFIGURATION Debug ===

Check dependencies

Write auxiliary files
/bin/mkdir -p /Users/Xiao/workspace/Azurender/build/CMakeFiles/CMakeTmp/CMAKE_TRY_COMPILE.build/Debug/cmTryCompileExec2283793469.build/Objects-normal/x86_64
write-file /Users/Xiao/workspace/Azurender/build/CMakeFiles/CMakeTmp/CMAKE_TRY_COMPILE.build/Debug/cmTryCompileExec2283793469.build/Objects-normal/x86_64/cmTryCompileExec2283793469.LinkFileList

CompileC CMAKE_TRY_COMPILE.build/Debug/cmTryCompileExec2283793469.build/Objects-normal/x86_64/src.o src.cxx normal x86_64 c++ com.apple.compilers.llvm.clang.1_0.compiler
    cd /Users/Xiao/workspace/Azurender/build/CMakeFiles/CMakeTmp
    export LANG=en_US.US-ASCII
    /Applications/Xcode.app/Contents/Developer/Toolchains/XcodeDefault.xctoolchain/usr/bin/clang -x c++ -arch x86_64 -fmessage-length=0 -fdiagnostics-show-note-include-stack -fmacro-backtrace-limit=0 -Wno-trigraphs -fpascal-strings -O2 -Wno-missing-field-initia2014-07-05 20:27:12.461 xcodlizers -Wno-missing-prototypes -Wno-return-type -Wno-non-virtual-dtor -Wno-overloaded-virtual -Wno-exit-time-destructors -Wno-missing-braces -Wparentheses -Wswitch -Wno-unused-function -Wno-unused-label -Wno-unused-parameter -Wno-unused-variable -Wunused-value -Wno-empty-body -Wno-uninitialized -Wno-unknown-pragmas -Wno-shadow -Wno-four-char-constants -Wno-conversion -Wno-constant-conversion -Wno-int-conversion -Wno-bool-conversion -Wno-enum-conversion -Wno-shorten-64-to-32 -Wno-newline-eof -Wno-c++11-extensions -DCMAKE_INTDIR=\"Debug\" -isysroot /Applications/Xcode.app/Contents/Developer/Platforms/MacOSX.platform/Developer/SDKs/MacOSX10.9.sdk -fasm-blocks -fstrict-aliasing -Wdeprecated-declarations -Winvalid-offsetof -mmacosx-version-min=10.9 -Wno-sign-conversion -I/Users/Xiao/workspace/Azurender/build/CMakeFiles/CMakeTmp/Debug/include -I/Applications/Xcode.app/Contents/Developer/Toolchains/XcodeDefault.xctoolchain/usr/include -I/Users/Xiao/workspace/Azurender/build/CMakeFiles/CMakeTmp/CMAKE_TRY_COMPILE.builebuild[5373:30b]d/Debug/cmTryCompileExec2283793469.build/DerivedSources/x86_64 -I/Users/Xiao/workspace/Azurender/build/CMakeFiles/CMakeTmp/CMAKE_TRY_COMPILE.build/Debug/cmTryCompileExec2283793469.build/DerivedSources -Wmost -Wno-four-char-constants -Wno-unknown-pragmas -F/Users/Xiao/workspace/Azurender/build/CMakeFiles/CMakeTmp/Debug -Wall -std=c++0x -Wextra -DOpenMP_FLAG_DETECTED +Oopenmp -g -MMD -MT dependencies -MF /Users/Xiao/workspace/Azurender/build/CMakeFiles/CMakeTmp/CMAKE_TRY_COMPILE.build/Debug/cmTryCompileExec2283793469.build/Objects-normal/x86_64/src.d --serialize-diagnostics /Users/Xiao/workspace/Azurender/build/CMakeFiles/CMakeTmp/CMAKE_TRY_COMPILE.build/Debug/cmTryCompileExec2283793469.build/Objects-normal/x86_64/src.dia -c /Users/Xiao/workspace/Azurender/build/CMakeFiles/CMakeTmp/src.cxx -o /Users/Xiao/workspace/Azurender/build/CMakeFiles/CMakeTmp/CMAKE_TRY_COMPILE.build/Debug/cmTryCompileExec2283793469.build/Objects-normal/x86_64/src.o
clang: error: no such file or directory: '+Oopenmp'
Command /Applications  DVTAss/Xcode.app/Contents/Developer/Toolchains/XcodeDefault.xctoolchain/usr/bin/clang failed with exit code 1

ertions: Warning in /SourceCache/IDEXcode3ProjectSupport/IDEXcode3ProjectSupport-5069/Xcode3Core/LegacyProjects/Frameworks/DevToolsCore/DevToolsCore/SpecificationTypes/BuiltInSpecifications/Compilers/XCGccMakefileDependencies.m:76
Details:  Failed to load dependencies output contents from ``/Users/Xiao/workspace/Azurender/build/CMakeFiles/CMakeTmp/CMAKE_TRY_COMPILE.build/Debug/cmTryCompileExec2283793469.build/Objects-normal/x86_64/src.d''. Error: Error Domain=NSCocoaErrorDomain Code=260 "The file “src.d” couldn’t be opened because there is no such file." UserInfo=0x7fdeeb559af0 {NSFilePath=/Users/Xiao/workspace/Azurender/build/CMakeFiles/CMakeTmp/CMAKE_TRY_COMPILE.build/Debug/cmTryCompileExec2283793469.build/Objects-normal/x86_64/src.d, NSUnderlyingError=0x7fdeeb560240 "The operation couldn’t be completed. No such file or directory"}. User info: {
    NSFilePath = "/Users/Xiao/workspace/Azurender/build/CMakeFiles/CMakeTmp/CMAKE_TRY_COMPILE.build/Debug/cmTryCompileExec2283793469.build/Objects-normal/x86_64/src.d";
    NSUnderlyingError = "Error Domain=NSPOSIXErrorDomain Code=2 \"The operation couldn\U2019t be completed. No such file or directory\"";
}.
Function: void XCGccMakefileDependenciesParsePathsFromRuleFile(NSString *__strong, void (^__strong)(NSString *__strong))
Thread:   <NSThread: 0x7fdeeb559b30>{name = (null), num = 7}
Please file a bug at http://bugreport.apple.com with this warning message and any useful information you can provide.
** BUILD FAILED **


The following build commands failed:
	CompileC CMAKE_TRY_COMPILE.build/Debug/cmTryCompileExec2283793469.build/Objects-normal/x86_64/src.o src.cxx normal x86_64 c++ com.apple.compilers.llvm.clang.1_0.compiler
(1 failure)

Source file was:

#include <omp.h>
int main() {
#ifdef _OPENMP
  return 0;
#else
  breaks_on_purpose
#endif
}

Performing C++ SOURCE FILE Test OpenMP_FLAG_DETECTED failed with the following output:
Change Dir: /Users/Xiao/workspace/Azurender/build/CMakeFiles/CMakeTmp

Run Build Command:/usr/local/Cellar/cmake/2.8.12.2/bin/cmakexbuild -project CMAKE_TRY_COMPILE.xcodeproj build -target cmTryCompileExec1032273508 -configuration Debug
=== BUILD TARGET cmTryCompileExec1032273508 OF PROJECT CMAKE_TRY_COMPILE WITH CONFIGURATION Debug ===

Check dependencies

Write auxiliary files
/bin/mkdir -p /Users/Xiao/workspace/Azurender/build/CMakeFiles/CMakeTmp/CMAKE_TRY_COMPILE.build/Debug/cmTryCompileExec1032273508.build/Objects-normal/x86_64
write-file /Users/Xiao/workspace/Azurender/build/CMakeFiles/CMakeTmp/CMAKE_TRY_COMPILE.build/Debug/cmTryCompileExec1032273508.build/Objects-normal/x86_64/cmTryCompileExec1032273508.LinkFileList

CompileC CMAKE_TRY_COMPILE.build/Debug/cmTryCompileExec1032273508.build/Objects-normal/x86_64/src.o src.cxx normal x86_64 c++ com.apple.compilers.llvm.clang.1_0.compiler
    cd /Users/Xiao/workspace/Azurender/build/CMakeFiles/CMakeTmp
    export LANG=en_US.US-ASCII
    /Applications/Xcode.app/Contents/Developer/Toolchains/XcodeDefault.xctoolchain/usr/bin/clang -x c++ -arch x86_64 -fmessage-length=0 -fdiagnostics-show-note-include-stack -fmacro-backtrace-limit=0 -Wno-trigraphs -fpascal-strings -O2 -Wno-missing-field-initia2014-07-05 20:27:12.829 xcodebuild[5385:2007]  DVTAssertions: Warning in /SourceCache/IDEXcode3Projlizers -Wno-missing-prototypes -Wno-return-type -Wno-non-virtual-dtor -Wno-overloaded-virtual -Wno-exit-time-destructors -Wno-missing-braces -Wparentheses -Wswitch -Wno-unused-function -Wno-unused-label -Wno-unused-parameter -Wno-unused-variable -Wunused-value -Wno-empty-body -Wno-uninitialized -Wno-unknown-pragmas -Wno-shadow -Wno-four-char-constants -Wno-conversion -Wno-constant-conversion -Wno-int-conversion -Wno-bool-conversion -Wno-enum-conversion -Wno-shorten-64-to-32 -Wno-newline-eof -Wno-c++11-extensions -DCMAKE_INTDIR=\"Debug\" -isysroot /Applications/Xcode.app/Contents/Developer/Platforms/MacOSX.platform/Developer/SDKs/MacOSX10.9.sdk -fasm-blocks -fstrict-aliasing -Wdeprecated-declarations -Winvalid-offsetof -mmacosx-version-min=10.9 -Wno-sign-conversion -I/Users/Xiao/workspace/Azurender/build/CMakeFiles/CMakeTmp/Debug/include -I/Applications/Xcode.app/Contents/Developer/Toolchains/XcodeDefault.xctoolchain/usr/include -I/Users/Xiao/workspace/Azurender/build/CMakeFiles/CMakeTmp/CMAKE_TRY_COMPILE.build/Debug/cmTryCompileExec1032273508.build/DerivedSources/x86_64 -I/Users/Xiao/workspace/Azurender/build/CMakeFiles/CMakeTmp/CMAKE_TRY_COMPILE.build/Debug/cmTryCompileExec1032273508.build/DerivedSources -Wmost -Wno-four-char-constants -Wno-unknown-pragmas -F/Users/Xiao/workspace/Azurender/build/CMakeFiles/CMakeTmp/Debug -Wall -std=c++0x -Wextra -DOpenMP_FLAG_DETECTED -qsmp -g -MMD -MT dependencies -MF /Users/Xiao/workspace/Azurender/build/CMakeFiles/CMakeTmp/CMAKE_TRY_COMPILE.build/Debug/cmTryCompileExec1032273508.build/Objects-normal/x86_64/src.d --serialize-diagnostics /Users/Xiao/workspace/Azurender/build/CMakeFiles/CMakeTmp/CMAKE_TRY_COMPILE.build/Debug/cmTryCompileExec1032273508.build/Objects-normal/x86_64/src.dia -c /Users/Xiao/workspace/Azurender/build/CMakeFiles/CMakeTmp/src.cxx -o /Users/Xiao/workspace/Azurender/build/CMakeFiles/CMakeTmp/CMAKE_TRY_COMPILE.build/Debug/cmTryCompileExec1032273508.build/Objects-normal/x86_64/src.o
clang: error: unknown argument: '-qsmp' [-Wunused-command-line-argument-hard-error-in-future]
clang: note: this will be a hard error (cannot be downgraded to a warning) in the future
Command /Applications/Xcode.app/Contents/Developer/Toolchains/XcodeDefault.xctoolchain/usr/bin/clang failed with exit code 1

ectSupport/IDEXcode3ProjectSupport-5069/Xcode3Core/LegacyProjects/Frameworks/DevToolsCore/DevToolsCore/SpecificationTypes/BuiltInSpecifications/Compilers/XCGccMakefileDependencies.m:76
Details:  Failed to load dependencies output contents from ``/Users/Xiao/workspace/Azurender/build/CMakeFiles/CMakeTmp/CMAKE_TRY_COMPILE.build/Debug/cmTryCompileExec1032273508.build/Objects-normal/x86_64/src.d''. Error: Error Domain=NSCocoaErrorDomain Code=260 "The file “src.d” couldn’t be opened because there is no such file." UserInfo=0x7fbf63cb45b0 {NSFilePath=/Users/Xiao/workspace/Azurender/build/CMakeFiles/CMakeTmp/CMAKE_TRY_COMPILE.build/Debug/cmTryCompileExec1032273508.build/Objects-normal/x86_64/src.d, NSUnderlyingError=0x7fbf63c8d110 "The operation couldn’t be completed. No such file or directory"}. User info: {
    NSFilePath = "/Users/Xiao/workspace/Azurender/build/CMakeFiles/CMakeTmp/CMAKE_TRY_COMPILE.build/Debug/cmTryCompileExec1032273508.build/Objects-normal/x86_64/src.d";
    NSUnderlyingError = "Error Domain=NSPOSIXErrorDomain Code=2 \"The operation couldn\U2019t be completed. No such file or directory\"";
}.
Function: void XCGccMakefileDependenciesParsePathsFromRuleFile(NSString *__strong, void (^__strong)(NSString *__strong))
Thread:   <NSThread: 0x7fbf63cbc690>{name = (null), num = 7}
Please file a bug at http://bugreport.apple.com with this warning message and any useful information you can provide.
** BUILD FAILED **


The following build commands failed:
	CompileC CMAKE_TRY_COMPILE.build/Debug/cmTryCompileExec1032273508.build/Objects-normal/x86_64/src.o src.cxx normal x86_64 c++ com.apple.compilers.llvm.clang.1_0.compiler
(1 failure)

Source file was:

#include <omp.h>
int main() {
#ifdef _OPENMP
  return 0;
#else
  breaks_on_purpose
#endif
}

Performing C++ SOURCE FILE Test OpenMP_FLAG_DETECTED failed with the following output:
Change Dir: /Users/Xiao/workspace/Azurender/build/CMakeFiles/CMakeTmp

Run Build Command:/usr/local/Cellar/cmake/2.8.12.2/bin/cmakexbuild -project CMAKE_TRY_COMPILE.xcodeproj build -target cmTryCompileExec3602082984 -configuration Debug
=== BUILD TARGET cmTryCompileExec3602082984 OF PROJECT CMAKE_TRY_COMPILE WITH CONFIGURATION Debug ===

Check dependencies

Write auxiliary files
/bin/mkdir -p /Users/Xiao/workspace/Azurender/build/CMakeFiles/CMakeTmp/CMAKE_TRY_COMPILE.build/Debug/cmTryCompileExec3602082984.build/Objects-normal/x86_64
write-file /Users/Xiao/workspace/Azurender/build/CMakeFiles/CMakeTmp/CMAKE_TRY_COMPILE.build/Debug/cmTryCompileExec3602082984.build/Objects-normal/x86_64/cmTryCompileExec3602082984.LinkFileList

CompileC CMAKE_TRY_COMPILE.build/Debug/cmTryCompileExec3602082984.build/Objects-normal/x86_64/src.o src.cxx normal x86_64 c++ com.apple.compilers.llvm.clang.1_0.compiler
    cd /Users/Xiao/workspace/Azurender/build/CMakeFiles/CMakeTmp
    export LANG=en_US.US-ASCII
    /Applications/Xcode.app/Contents/Developer/Toolchains/XcodeDefault.xctoolchain/usr/bin/clang -x c++ -arch x86_64 -fmessage-length=0 -fdiagnostics-show-note-include-stack -fmacro-backtrace-limit=0 -Wno-trigraphs -fpascal-strings -O2 -Wno-missing-field-initia2014-07-05 20:27:13.210 xcodebuillizers -Wno-missing-prototypes -Wno-return-type -Wno-non-virtual-dtor -Wno-overloaded-virtual -Wno-exit-time-destructors -Wno-missing-braces -Wparentheses -Wswitch -Wno-unused-function -Wno-unused-label -Wno-unused-parameter -Wno-unused-variable -Wunused-value -Wno-empty-body -Wno-uninitialized -Wno-unknown-pragmas -Wno-shadow -Wno-four-char-constants -Wno-conversion -Wno-constant-conversion -Wno-int-conversion -Wno-bool-conversion -Wno-enum-conversion -Wno-shorten-64-to-32 -Wno-newline-eof -Wno-c++11-extensions -DCMAKE_INTDIR=\"Debug\" -isysroot /Applications/Xcode.app/Contents/Developer/Platforms/MacOSX.platform/Developer/SDKs/MacOSX10.9.sdk -fasm-blocks -fstrict-aliasing -Wdeprecated-declarations -Winvalid-offsetof -mmacosx-version-min=10.9 -Wno-sign-conversion -I/Users/Xiao/workspace/Azurender/build/CMakeFiles/CMakeTmp/Debug/include -I/Applications/Xcode.app/Contents/Developer/Toolchains/XcodeDefault.xctoolchain/usr/include -I/Users/Xiao/workspace/Azurender/build/CMakeFiles/CMakeTmp/CMAKE_TRY_COMPILE.build[5397:30b]  Dd/Debug/cmTryCompileExec3602082984.build/DerivedSources/x86_64 -I/Users/Xiao/workspace/Azurender/build/CMakeFiles/CMakeTmp/CMAKE_TRY_COMPILE.build/Debug/cmTryCompileExec3602082984.build/DerivedSources -Wmost -Wno-four-char-constants -Wno-unknown-pragmas -F/Users/Xiao/workspace/Azurender/build/CMakeFiles/CMakeTmp/Debug -Wall -std=c++0x -Wextra -DOpenMP_FLAG_DETECTED -mp -g -MMD -MT dependencies -MF /Users/Xiao/workspace/Azurender/build/CMakeFiles/CMakeTmp/CMAKE_TRY_COMPILE.build/Debug/cmTryCompileExec3602082984.build/Objects-normal/x86_64/src.d --serialize-diagnostics /Users/Xiao/workspace/Azurender/build/CMakeFiles/CMakeTmp/CMAKE_TRY_COMPILE.build/Debug/cmTryCompileExec3602082984.build/Objects-normal/x86_64/src.dia -c /Users/Xiao/workspace/Azurender/build/CMakeFiles/CMakeTmp/src.cxx -o /Users/Xiao/workspace/Azurender/build/CMakeFiles/CMakeTmp/CMAKE_TRY_COMPILE.build/Debug/cmTryCompileExec3602082984.build/Objects-normal/x86_64/src.o
clang: error: unknown argument: '-mp' [-Wunused-command-line-argument-hard-errVTAssertor-in-future]
clang: note: this will be a hard error (cannot be downgraded to a warning) in the future
Command /Applications/Xcode.app/Contents/Developer/Toolchains/XcodeDefault.xctoolchain/usr/bin/clang failed with exit code 1

ions: Warning in /SourceCache/IDEXcode3ProjectSupport/IDEXcode3ProjectSupport-5069/Xcode3Core/LegacyProjects/Frameworks/DevToolsCore/DevToolsCore/SpecificationTypes/BuiltInSpecifications/Compilers/XCGccMakefileDependencies.m:76
Details:  Failed to load dependencies output contents from ``/Users/Xiao/workspace/Azurender/build/CMakeFiles/CMakeTmp/CMAKE_TRY_COMPILE.build/Debug/cmTryCompileExec3602082984.build/Objects-normal/x86_64/src.d''. Error: Error Domain=NSCocoaErrorDomain Code=260 "The file “src.d” couldn’t be opened because there is no such file." UserInfo=0x7fae04477a10 {NSFilePath=/Users/Xiao/workspace/Azurender/build/CMakeFiles/CMakeTmp/CMAKE_TRY_COMPILE.build/Debug/cmTryCompileExec3602082984.build/Objects-normal/x86_64/src.d, NSUnderlyingError=0x7fae04466590 "The operation couldn’t be completed. No such file or directory"}. User info: {
    NSFilePath = "/Users/Xiao/workspace/Azurender/build/CMakeFiles/CMakeTmp/CMAKE_TRY_COMPILE.build/Debug/cmTryCompileExec3602082984.build/Objects-normal/x86_64/src.d";
    NSUnderlyingError = "Error Domain=NSPOSIXErrorDomain Code=2 \"The operation couldn\U2019t be completed. No such file or directory\"";
}.
Function: void XCGccMakefileDependenciesParsePathsFromRuleFile(NSString *__strong, void (^__strong)(NSString *__strong))
Thread:   <NSThread: 0x7fae0416bc50>{name = (null), num = 7}
Please file a bug at http://bugreport.apple.com with this warning message and any useful information you can provide.
** BUILD FAILED **


The following build commands failed:
	CompileC CMAKE_TRY_COMPILE.build/Debug/cmTryCompileExec3602082984.build/Objects-normal/x86_64/src.o src.cxx normal x86_64 c++ com.apple.compilers.llvm.clang.1_0.compiler
(1 failure)

Source file was:

#include <omp.h>
int main() {
#ifdef _OPENMP
  return 0;
#else
  breaks_on_purpose
#endif
}

